<?xml version="1.0" encoding="UTF-8"?>
<testsuite xmlns:xsi="http://www.w3.org/2001/XMLSchema-instance" xsi:noNamespaceSchemaLocation="https://maven.apache.org/surefire/maven-surefire-plugin/xsd/surefire-test-report-3.0.xsd" version="3.0" name="TestSuite" time="1,508.794" tests="1" errors="0" skipped="0" failures="1">
  <properties>
[...]
</properties>
  <testcase name="feature[Open the UrbanLadder Website](1)" classname="com.UrbanLadderC.Runner.ULRunner" time="1,505.99">
    <failure message="org.openqa.selenium.SessionNotCreatedException: session not created&#10;from timeout: Timed out receiving message from renderer: 600.000&#10;  (Session info: chrome=93.0.4577.82)&#10;Build info: version: &apos;3.141.59&apos;, revision: &apos;e82be7d358&apos;, time: &apos;2018-11-14T08:17:03&apos;&#10;System info: host: &apos;HARISH&apos;, ip: &apos;192.168.1.100&apos;, os.name: &apos;Windows 10&apos;, os.arch: &apos;amd64&apos;, os.version: &apos;10.0&apos;, java.version: &apos;11.0.12&apos;&#10;Driver info: driver.version: ChromeDriver&#10;remote stacktrace: Backtrace:&#10;	Ordinal0 [0x00A12A33+2501171]&#10;	Ordinal0 [0x009AD1C1+2085313]&#10;	Ordinal0 [0x008B1FA8+1056680]&#10;	Ordinal0 [0x008A493D+1001789]&#10;	Ordinal0 [0x008A398D+997773]&#10;	Ordinal0 [0x008A3C46+998470]&#10;	Ordinal0 [0x008A3535+996661]&#10;	Ordinal0 [0x008AA0BD+1024189]&#10;	Ordinal0 [0x008A34F1+996593]&#10;	Ordinal0 [0x008A4416+1000470]&#10;	Ordinal0 [0x008A398D+997773]&#10;	Ordinal0 [0x008A3C46+998470]&#10;	Ordinal0 [0x008A3535+996661]&#10;	Ordinal0 [0x008A92EC+1020652]&#10;	Ordinal0 [0x008A34F1+996593]&#10;	Ordinal0 [0x008A4416+1000470]&#10;	Ordinal0 [0x008A398D+997773]&#10;	Ordinal0 [0x008A3C46+998470]&#10;	Ordinal0 [0x008A3535+996661]&#10;	Ordinal0 [0x0089F10D+979213]&#10;	Ordinal0 [0x008A34F1+996593]&#10;	Ordinal0 [0x008A3290+995984]&#10;	Ordinal0 [0x008A3029+995369]&#10;	Ordinal0 [0x008B31C0+1061312]&#10;	Ordinal0 [0x008FA93B+1354043]&#10;	Ordinal0 [0x008F960A+1349130]&#10;	Ordinal0 [0x008F551B+1332507]&#10;	Ordinal0 [0x008D1D74+1187188]&#10;	Ordinal0 [0x008D2BD9+1190873]&#10;	GetHandleVerifier [0x00B8EFE6+1504438]&#10;	GetHandleVerifier [0x00C3DDA5+2220661]&#10;	GetHandleVerifier [0x00A95589+481881]&#10;	GetHandleVerifier [0x00A94639+477961]&#10;	Ordinal0 [0x009B28BD+2107581]&#10;	Ordinal0 [0x009B6728+2123560]&#10;	Ordinal0 [0x009B6862+2123874]&#10;	Ordinal0 [0x009BFA81+2161281]&#10;	BaseThreadInitThunk [0x76AFFA29+25]&#10;	RtlGetAppContainerNamedObjectPath [0x776D7A9E+286]&#10;	RtlGetAppContainerNamedObjectPath [0x776D7A6E+238]&#10;" type="cucumber.runtime.CucumberException"><![CDATA[cucumber.runtime.CucumberException: 
org.openqa.selenium.SessionNotCreatedException: session not created
from timeout: Timed out receiving message from renderer: 600.000
  (Session info: chrome=93.0.4577.82)
Build info: version: '3.141.59', revision: 'e82be7d358', time: '2018-11-14T08:17:03'
System info: host: 'HARISH', ip: '192.168.1.100', os.name: 'Windows 10', os.arch: 'amd64', os.version: '10.0', java.version: '11.0.12'
Driver info: driver.version: ChromeDriver
remote stacktrace: Backtrace:
	Ordinal0 [0x00A12A33+2501171]
	Ordinal0 [0x009AD1C1+2085313]
	Ordinal0 [0x008B1FA8+1056680]
	Ordinal0 [0x008A493D+1001789]
	Ordinal0 [0x008A398D+997773]
	Ordinal0 [0x008A3C46+998470]
	Ordinal0 [0x008A3535+996661]
	Ordinal0 [0x008AA0BD+1024189]
	Ordinal0 [0x008A34F1+996593]
	Ordinal0 [0x008A4416+1000470]
	Ordinal0 [0x008A398D+997773]
	Ordinal0 [0x008A3C46+998470]
	Ordinal0 [0x008A3535+996661]
	Ordinal0 [0x008A92EC+1020652]
	Ordinal0 [0x008A34F1+996593]
	Ordinal0 [0x008A4416+1000470]
	Ordinal0 [0x008A398D+997773]
	Ordinal0 [0x008A3C46+998470]
	Ordinal0 [0x008A3535+996661]
	Ordinal0 [0x0089F10D+979213]
	Ordinal0 [0x008A34F1+996593]
	Ordinal0 [0x008A3290+995984]
	Ordinal0 [0x008A3029+995369]
	Ordinal0 [0x008B31C0+1061312]
	Ordinal0 [0x008FA93B+1354043]
	Ordinal0 [0x008F960A+1349130]
	Ordinal0 [0x008F551B+1332507]
	Ordinal0 [0x008D1D74+1187188]
	Ordinal0 [0x008D2BD9+1190873]
	GetHandleVerifier [0x00B8EFE6+1504438]
	GetHandleVerifier [0x00C3DDA5+2220661]
	GetHandleVerifier [0x00A95589+481881]
	GetHandleVerifier [0x00A94639+477961]
	Ordinal0 [0x009B28BD+2107581]
	Ordinal0 [0x009B6728+2123560]
	Ordinal0 [0x009B6862+2123874]
	Ordinal0 [0x009BFA81+2161281]
	BaseThreadInitThunk [0x76AFFA29+25]
	RtlGetAppContainerNamedObjectPath [0x776D7A9E+286]
	RtlGetAppContainerNamedObjectPath [0x776D7A6E+238]

Caused by: org.openqa.selenium.SessionNotCreatedException: 
session not created
from timeout: Timed out receiving message from renderer: 600.000
  (Session info: chrome=93.0.4577.82)
Build info: version: '3.141.59', revision: 'e82be7d358', time: '2018-11-14T08:17:03'
System info: host: 'HARISH', ip: '192.168.1.100', os.name: 'Windows 10', os.arch: 'amd64', os.version: '10.0', java.version: '11.0.12'
Driver info: driver.version: ChromeDriver
remote stacktrace: Backtrace:
	Ordinal0 [0x00A12A33+2501171]
	Ordinal0 [0x009AD1C1+2085313]
	Ordinal0 [0x008B1FA8+1056680]
	Ordinal0 [0x008A493D+1001789]
	Ordinal0 [0x008A398D+997773]
	Ordinal0 [0x008A3C46+998470]
	Ordinal0 [0x008A3535+996661]
	Ordinal0 [0x008AA0BD+1024189]
	Ordinal0 [0x008A34F1+996593]
	Ordinal0 [0x008A4416+1000470]
	Ordinal0 [0x008A398D+997773]
	Ordinal0 [0x008A3C46+998470]
	Ordinal0 [0x008A3535+996661]
	Ordinal0 [0x008A92EC+1020652]
	Ordinal0 [0x008A34F1+996593]
	Ordinal0 [0x008A4416+1000470]
	Ordinal0 [0x008A398D+997773]
	Ordinal0 [0x008A3C46+998470]
	Ordinal0 [0x008A3535+996661]
	Ordinal0 [0x0089F10D+979213]
	Ordinal0 [0x008A34F1+996593]
	Ordinal0 [0x008A3290+995984]
	Ordinal0 [0x008A3029+995369]
	Ordinal0 [0x008B31C0+1061312]
	Ordinal0 [0x008FA93B+1354043]
	Ordinal0 [0x008F960A+1349130]
	Ordinal0 [0x008F551B+1332507]
	Ordinal0 [0x008D1D74+1187188]
	Ordinal0 [0x008D2BD9+1190873]
	GetHandleVerifier [0x00B8EFE6+1504438]
	GetHandleVerifier [0x00C3DDA5+2220661]
	GetHandleVerifier [0x00A95589+481881]
	GetHandleVerifier [0x00A94639+477961]
	Ordinal0 [0x009B28BD+2107581]
	Ordinal0 [0x009B6728+2123560]
	Ordinal0 [0x009B6862+2123874]
	Ordinal0 [0x009BFA81+2161281]
	BaseThreadInitThunk [0x76AFFA29+25]
	RtlGetAppContainerNamedObjectPath [0x776D7A9E+286]
	RtlGetAppContainerNamedObjectPath [0x776D7A6E+238]

]]></failure>
    <system-out><![CDATA[Feature: Open the UrbanLadder Website
item is  Present
 INFO [main] (ClickStepDefination.java:64)- item is  Present
 INFO [main] (Hooks.java:51)- Driver Closed

  Scenario: Check item in Urban Ladder website # UrbanLadderC.feature:5
    Given Open Browser                         # ClickStepDefination.open_Browser()
    And navigate to given url and close popup  # ClickStepDefination.navigate_to_given_url_and_close_popup()
    When Enter "Chair" in searchbox and search # ClickStepDefination.enter_in_searchbox_and_search(String)
    Then Check item is present or not          # ClickStepDefination.check_item_is_present_or_not()
No of Suggestions : 3
What warranty does Urban Ladder have for its products?
 INFO [main] (ClickStepDefination.java:97)- What warranty does Urban Ladder have for its products?
Will there be After sales for these products?
 INFO [main] (ClickStepDefination.java:97)- Will there be After sales for these products?
What can I do if my product is damaged?
 INFO [main] (ClickStepDefination.java:97)- What can I do if my product is damaged?
 INFO [main] (Hooks.java:51)- Driver Closed

  Scenario: Check Help Services in Urban Ladder website   # UrbanLadderC.feature:11
    Given Open Browser                                    # ClickStepDefination.open_Browser()
    And navigate to given url and close popup             # ClickStepDefination.navigate_to_given_url_and_close_popup()
    When click on the help and navigate                   # ClickStepDefination.click_on_the_help_and_navigate()
    And Enter your query  here "Warranty" and click enter # ClickStepDefination.enter_your_query_here_something_and_click_enter(String)
    Then Check reponse questions are getting              # ClickStepDefination.check_reponse_questions_are_getting()
 Locations - Urban Ladder
No of delivering  states : 22
Andhra Pradesh, INFO [main] (ClickStepDefination.java:127)- Andhra Pradesh,
Bihar, INFO [main] (ClickStepDefination.java:127)- Bihar,
Chandigarh, INFO [main] (ClickStepDefination.java:127)- Chandigarh,
Chhattisgarh, INFO [main] (ClickStepDefination.java:127)- Chhattisgarh,
Delhi, INFO [main] (ClickStepDefination.java:127)- Delhi,
Goa, INFO [main] (ClickStepDefination.java:127)- Goa,
Gujarat, INFO [main] (ClickStepDefination.java:127)- Gujarat,
Haryana, INFO [main] (ClickStepDefination.java:127)- Haryana,
Himachal Pradesh, INFO [main] (ClickStepDefination.java:127)- Himachal Pradesh,
Karnataka, INFO [main] (ClickStepDefination.java:127)- Karnataka,
Kerala, INFO [main] (ClickStepDefination.java:127)- Kerala,
Madhya Pradesh, INFO [main] (ClickStepDefination.java:127)- Madhya Pradesh,
Maharashtra, INFO [main] (ClickStepDefination.java:127)- Maharashtra,
Orissa, INFO [main] (ClickStepDefination.java:127)- Orissa,
Pondicherry, INFO [main] (ClickStepDefination.java:127)- Pondicherry,
Punjab, INFO [main] (ClickStepDefination.java:127)- Punjab,
Rajasthan, INFO [main] (ClickStepDefination.java:127)- Rajasthan,
Tamil Nadu, INFO [main] (ClickStepDefination.java:127)- Tamil Nadu,
Telangana, INFO [main] (ClickStepDefination.java:127)- Telangana,
Uttar Pradesh, INFO [main] (ClickStepDefination.java:127)- Uttar Pradesh,
Uttarakhand, INFO [main] (ClickStepDefination.java:127)- Uttarakhand,
West Bengal, INFO [main] (ClickStepDefination.java:127)- West Bengal,
 INFO [main] (Hooks.java:51)- Driver Closed

  Scenario: Check Deliver sites in Urban Ladder website         # UrbanLadderC.feature:18
    Given Open Browser                                          # ClickStepDefination.open_Browser()
    And navigate to given url and close popup                   # ClickStepDefination.navigate_to_given_url_and_close_popup()
    When Click on the more in footer page for delevering cities # ClickStepDefination.click_on_the_more_in_footer_page_for_delevering_cities()
    Then Get Cities list that delivering                        # ClickStepDefination.get_cities_list_that_delivering()
 
Twitter Following Count : 438
 INFO [main] (ClickStepDefination.java:153)- Twitter Following Count : 438
 INFO [main] (Hooks.java:51)- Driver Closed

  Scenario: Check Twitter Following in Urban Ladder website  # UrbanLadderC.feature:24
    Given Open Browser                                       # ClickStepDefination.open_Browser()
    And navigate to given url and close popup                # ClickStepDefination.navigate_to_given_url_and_close_popup()
    When Click on the Twitter in footer page from contact us # ClickStepDefination.click_on_the_twitter_in_footer_page_from_contact_us()
    Then Get Twitter following numbers                       # ClickStepDefination.get_twitter_following_numbers()
 INFO [main] (ClickStepDefination.java:176)- Chat Completed
 INFO [main] (Hooks.java:51)- Driver Closed

  Scenario: Check Chat Support feature in Urban Ladder website # UrbanLadderC.feature:30
    Given Open Browser                                         # ClickStepDefination.open_Browser()
    And navigate to given url and close popup                  # ClickStepDefination.navigate_to_given_url_and_close_popup()
    When Shit to Frames for chat                               # ClickStepDefination.shit_to_frames_for_chat()
    Then Click on chat logo and send "hi" in chat box          # ClickStepDefination.click_on_chat_logo_and_send_something_in_chat_box(String)
Failure in after hook:Hooks.afterpScenario(Scenario)
Message: org.openqa.selenium.NoSuchSessionException: invalid session id
Build info: version: '3.141.59', revision: 'e82be7d358', time: '2018-11-14T08:17:03'
System info: host: 'HARISH', ip: '192.168.1.100', os.name: 'Windows 10', os.arch: 'amd64', os.version: '10.0', java.version: '11.0.12'
Driver info: org.openqa.selenium.chrome.ChromeDriver
Capabilities {acceptInsecureCerts: false, browserName: chrome, browserVersion: 93.0.4577.82, chrome: {chromedriverVersion: 92.0.4515.107 (87a818b10553..., userDataDir: C:\Windows\TEMP\scoped_dir2...}, goog:chromeOptions: {debuggerAddress: localhost:50299}, javascriptEnabled: true, networkConnectionEnabled: false, pageLoadStrategy: normal, platform: WINDOWS, platformName: WINDOWS, proxy: Proxy(), setWindowRect: true, strictFileInteractability: false, timeouts: {implicit: 0, pageLoad: 300000, script: 30000}, unhandledPromptBehavior: dismiss and notify, webauthn:extension:credBlob: true, webauthn:extension:largeBlob: true, webauthn:virtualAuthenticators: true}
Session ID: 9f1e284694a9160118f82dcdfd7870b8
	at java.base/jdk.internal.reflect.NativeConstructorAccessorImpl.newInstance0(Native Method)
	at java.base/jdk.internal.reflect.NativeConstructorAccessorImpl.newInstance(NativeConstructorAccessorImpl.java:62)
	at java.base/jdk.internal.reflect.DelegatingConstructorAccessorImpl.newInstance(DelegatingConstructorAccessorImpl.java:45)
	at java.base/java.lang.reflect.Constructor.newInstance(Constructor.java:490)
	at org.openqa.selenium.remote.http.W3CHttpResponseCodec.createException(W3CHttpResponseCodec.java:187)
	at org.openqa.selenium.remote.http.W3CHttpResponseCodec.decode(W3CHttpResponseCodec.java:122)
	at org.openqa.selenium.remote.http.W3CHttpResponseCodec.decode(W3CHttpResponseCodec.java:49)
	at org.openqa.selenium.remote.HttpCommandExecutor.execute(HttpCommandExecutor.java:158)
	at org.openqa.selenium.remote.service.DriverCommandExecutor.execute(DriverCommandExecutor.java:83)
	at org.openqa.selenium.remote.RemoteWebDriver.execute(RemoteWebDriver.java:552)
	at org.openqa.selenium.remote.RemoteWebDriver.execute(RemoteWebDriver.java:609)
	at org.openqa.selenium.remote.RemoteWebDriver.getScreenshotAs(RemoteWebDriver.java:295)
	at com.UrbanLadderC.StepDefination.Hooks.afterpScenario(Hooks.java:33)
	at java.base/jdk.internal.reflect.NativeMethodAccessorImpl.invoke0(Native Method)
	at java.base/jdk.internal.reflect.NativeMethodAccessorImpl.invoke(NativeMethodAccessorImpl.java:62)
	at java.base/jdk.internal.reflect.DelegatingMethodAccessorImpl.invoke(DelegatingMethodAccessorImpl.java:43)
	at java.base/java.lang.reflect.Method.invoke(Method.java:566)
	at cucumber.runtime.Utils$1.call(Utils.java:40)
	at cucumber.runtime.Timeout.timeout(Timeout.java:16)
	at cucumber.runtime.Utils.invoke(Utils.java:34)
	at cucumber.runtime.java.JavaHookDefinition.execute(JavaHookDefinition.java:60)
	at cucumber.runtime.Runtime.runHookIfTagsMatch(Runtime.java:224)
	at cucumber.runtime.Runtime.runHooks(Runtime.java:212)
	at cucumber.runtime.Runtime.runAfterHooks(Runtime.java:206)
	at cucumber.runtime.model.CucumberScenario.run(CucumberScenario.java:46)
	at cucumber.runtime.model.CucumberFeature.run(CucumberFeature.java:165)
	at cucumber.api.testng.TestNGCucumberRunner.runCucumber(TestNGCucumberRunner.java:63)
	at cucumber.api.testng.AbstractTestNGCucumberTests.feature(AbstractTestNGCucumberTests.java:21)
	at java.base/jdk.internal.reflect.NativeMethodAccessorImpl.invoke0(Native Method)
	at java.base/jdk.internal.reflect.NativeMethodAccessorImpl.invoke(NativeMethodAccessorImpl.java:62)
	at java.base/jdk.internal.reflect.DelegatingMethodAccessorImpl.invoke(DelegatingMethodAccessorImpl.java:43)
	at java.base/java.lang.reflect.Method.invoke(Method.java:566)
	at org.testng.internal.MethodInvocationHelper.invokeMethod(MethodInvocationHelper.java:133)
	at org.testng.internal.TestInvoker.invokeMethod(TestInvoker.java:598)
	at org.testng.internal.TestInvoker.invokeTestMethod(TestInvoker.java:173)
	at org.testng.internal.MethodRunner.runInSequence(MethodRunner.java:46)
	at org.testng.internal.TestInvoker$MethodInvocationAgent.invoke(TestInvoker.java:824)
	at org.testng.internal.TestInvoker.invokeTestMethods(TestInvoker.java:146)
	at org.testng.internal.TestMethodWorker.invokeTestMethods(TestMethodWorker.java:146)
	at org.testng.internal.TestMethodWorker.run(TestMethodWorker.java:128)
	at java.base/java.util.ArrayList.forEach(ArrayList.java:1541)
	at org.testng.TestRunner.privateRun(TestRunner.java:794)
	at org.testng.TestRunner.run(TestRunner.java:596)
	at org.testng.SuiteRunner.runTest(SuiteRunner.java:377)
	at org.testng.SuiteRunner.runSequentially(SuiteRunner.java:371)
	at org.testng.SuiteRunner.privateRun(SuiteRunner.java:332)
	at org.testng.SuiteRunner.run(SuiteRunner.java:276)
	at org.testng.SuiteRunnerWorker.runSuite(SuiteRunnerWorker.java:53)
	at org.testng.SuiteRunnerWorker.run(SuiteRunnerWorker.java:96)
	at org.testng.TestNG.runSuitesSequentially(TestNG.java:1212)
	at org.testng.TestNG.runSuitesLocally(TestNG.java:1134)
	at org.testng.TestNG.runSuites(TestNG.java:1063)
	at org.testng.TestNG.run(TestNG.java:1031)
	at org.apache.maven.surefire.testng.TestNGExecutor.run(TestNGExecutor.java:284)
	at org.apache.maven.surefire.testng.TestNGXmlTestSuite.execute(TestNGXmlTestSuite.java:75)
	at org.apache.maven.surefire.testng.TestNGProvider.invoke(TestNGProvider.java:119)
	at org.apache.maven.surefire.booter.ForkedBooter.runSuitesInProcess(ForkedBooter.java:428)
	at org.apache.maven.surefire.booter.ForkedBooter.execute(ForkedBooter.java:162)
	at org.apache.maven.surefire.booter.ForkedBooter.run(ForkedBooter.java:562)
	at org.apache.maven.surefire.booter.ForkedBooter.main(ForkedBooter.java:548)

      org.openqa.selenium.NoSuchSessionException: invalid session id
      Build info: version: '3.141.59', revision: 'e82be7d358', time: '2018-11-14T08:17:03'
      System info: host: 'HARISH', ip: '192.168.1.100', os.name: 'Windows 10', os.arch: 'amd64', os.version: '10.0', java.version: '11.0.12'
      Driver info: org.openqa.selenium.chrome.ChromeDriver
      Capabilities {acceptInsecureCerts: false, browserName: chrome, browserVersion: 93.0.4577.82, chrome: {chromedriverVersion: 92.0.4515.107 (87a818b10553..., userDataDir: C:\Windows\TEMP\scoped_dir2...}, goog:chromeOptions: {debuggerAddress: localhost:50299}, javascriptEnabled: true, networkConnectionEnabled: false, pageLoadStrategy: normal, platform: WINDOWS, platformName: WINDOWS, proxy: Proxy(), setWindowRect: true, strictFileInteractability: false, timeouts: {implicit: 0, pageLoad: 300000, script: 30000}, unhandledPromptBehavior: dismiss and notify, webauthn:extension:credBlob: true, webauthn:extension:largeBlob: true, webauthn:virtualAuthenticators: true}
      Session ID: 9f1e284694a9160118f82dcdfd7870b8
      	at java.base/jdk.internal.reflect.NativeConstructorAccessorImpl.newInstance0(Native Method)
      	at java.base/jdk.internal.reflect.NativeConstructorAccessorImpl.newInstance(NativeConstructorAccessorImpl.java:62)
      	at java.base/jdk.internal.reflect.DelegatingConstructorAccessorImpl.newInstance(DelegatingConstructorAccessorImpl.java:45)
      	at java.base/java.lang.reflect.Constructor.newInstance(Constructor.java:490)
      	at org.openqa.selenium.remote.http.W3CHttpResponseCodec.createException(W3CHttpResponseCodec.java:187)
      	at org.openqa.selenium.remote.http.W3CHttpResponseCodec.decode(W3CHttpResponseCodec.java:122)
      	at org.openqa.selenium.remote.http.W3CHttpResponseCodec.decode(W3CHttpResponseCodec.java:49)
      	at org.openqa.selenium.remote.HttpCommandExecutor.execute(HttpCommandExecutor.java:158)
      	at org.openqa.selenium.remote.service.DriverCommandExecutor.execute(DriverCommandExecutor.java:83)
      	at org.openqa.selenium.remote.RemoteWebDriver.execute(RemoteWebDriver.java:552)
      	at org.openqa.selenium.remote.RemoteWebDriver.execute(RemoteWebDriver.java:609)
      	at org.openqa.selenium.remote.RemoteWebDriver.getScreenshotAs(RemoteWebDriver.java:295)
      	at com.UrbanLadderC.StepDefination.Hooks.afterpScenario(Hooks.java:33)
      	at java.base/jdk.internal.reflect.NativeMethodAccessorImpl.invoke0(Native Method)
      	at java.base/jdk.internal.reflect.NativeMethodAccessorImpl.invoke(NativeMethodAccessorImpl.java:62)
      	at java.base/jdk.internal.reflect.DelegatingMethodAccessorImpl.invoke(DelegatingMethodAccessorImpl.java:43)
      	at java.base/java.lang.reflect.Method.invoke(Method.java:566)
      	at cucumber.runtime.Utils$1.call(Utils.java:40)
      	at cucumber.runtime.Timeout.timeout(Timeout.java:16)
      	at cucumber.runtime.Utils.invoke(Utils.java:34)
      	at cucumber.runtime.java.JavaHookDefinition.execute(JavaHookDefinition.java:60)
      	at cucumber.runtime.Runtime.runHookIfTagsMatch(Runtime.java:224)
      	at cucumber.runtime.Runtime.runHooks(Runtime.java:212)
      	at cucumber.runtime.Runtime.runAfterHooks(Runtime.java:206)
      	at cucumber.runtime.model.CucumberScenario.run(CucumberScenario.java:46)
      	at cucumber.runtime.model.CucumberFeature.run(CucumberFeature.java:165)
      	at cucumber.api.testng.TestNGCucumberRunner.runCucumber(TestNGCucumberRunner.java:63)
      	at cucumber.api.testng.AbstractTestNGCucumberTests.feature(AbstractTestNGCucumberTests.java:21)
      	at java.base/jdk.internal.reflect.NativeMethodAccessorImpl.invoke0(Native Method)
      	at java.base/jdk.internal.reflect.NativeMethodAccessorImpl.invoke(NativeMethodAccessorImpl.java:62)
      	at java.base/jdk.internal.reflect.DelegatingMethodAccessorImpl.invoke(DelegatingMethodAccessorImpl.java:43)
      	at java.base/java.lang.reflect.Method.invoke(Method.java:566)
      	at org.testng.internal.MethodInvocationHelper.invokeMethod(MethodInvocationHelper.java:133)
      	at org.testng.internal.TestInvoker.invokeMethod(TestInvoker.java:598)
      	at org.testng.internal.TestInvoker.invokeTestMethod(TestInvoker.java:173)
      	at org.testng.internal.MethodRunner.runInSequence(MethodRunner.java:46)
      	at org.testng.internal.TestInvoker$MethodInvocationAgent.invoke(TestInvoker.java:824)
      	at org.testng.internal.TestInvoker.invokeTestMethods(TestInvoker.java:146)
      	at org.testng.internal.TestMethodWorker.invokeTestMethods(TestMethodWorker.java:146)
      	at org.testng.internal.TestMethodWorker.run(TestMethodWorker.java:128)
      	at java.base/java.util.ArrayList.forEach(ArrayList.java:1541)
      	at org.testng.TestRunner.privateRun(TestRunner.java:794)
      	at org.testng.TestRunner.run(TestRunner.java:596)
      	at org.testng.SuiteRunner.runTest(SuiteRunner.java:377)
      	at org.testng.SuiteRunner.runSequentially(SuiteRunner.java:371)
      	at org.testng.SuiteRunner.privateRun(SuiteRunner.java:332)
      	at org.testng.SuiteRunner.run(SuiteRunner.java:276)
      	at org.testng.SuiteRunnerWorker.runSuite(SuiteRunnerWorker.java:53)
      	at org.testng.SuiteRunnerWorker.run(SuiteRunnerWorker.java:96)
      	at org.testng.TestNG.runSuitesSequentially(TestNG.java:1212)
      	at org.testng.TestNG.runSuitesLocally(TestNG.java:1134)
      	at org.testng.TestNG.runSuites(TestNG.java:1063)
      	at org.testng.TestNG.run(TestNG.java:1031)
      	at org.apache.maven.surefire.testng.TestNGExecutor.run(TestNGExecutor.java:284)
      	at org.apache.maven.surefire.testng.TestNGXmlTestSuite.execute(TestNGXmlTestSuite.java:75)
      	at org.apache.maven.surefire.testng.TestNGProvider.invoke(TestNGProvider.java:119)
      	at org.apache.maven.surefire.booter.ForkedBooter.runSuitesInProcess(ForkedBooter.java:428)
      	at org.apache.maven.surefire.booter.ForkedBooter.execute(ForkedBooter.java:162)
      	at org.apache.maven.surefire.booter.ForkedBooter.run(ForkedBooter.java:562)
      	at org.apache.maven.surefire.booter.ForkedBooter.main(ForkedBooter.java:548)

Failure in after hook:Hooks.AfterSteps()
Message: org.openqa.selenium.NoSuchSessionException: invalid session id
Build info: version: '3.141.59', revision: 'e82be7d358', time: '2018-11-14T08:17:03'
System info: host: 'HARISH', ip: '192.168.1.100', os.name: 'Windows 10', os.arch: 'amd64', os.version: '10.0', java.version: '11.0.12'
Driver info: org.openqa.selenium.chrome.ChromeDriver
Capabilities {acceptInsecureCerts: false, browserName: chrome, browserVersion: 93.0.4577.82, chrome: {chromedriverVersion: 92.0.4515.107 (87a818b10553..., userDataDir: C:\Windows\TEMP\scoped_dir2...}, goog:chromeOptions: {debuggerAddress: localhost:50299}, javascriptEnabled: true, networkConnectionEnabled: false, pageLoadStrategy: normal, platform: WINDOWS, platformName: WINDOWS, proxy: Proxy(), setWindowRect: true, strictFileInteractability: false, timeouts: {implicit: 0, pageLoad: 300000, script: 30000}, unhandledPromptBehavior: dismiss and notify, webauthn:extension:credBlob: true, webauthn:extension:largeBlob: true, webauthn:virtualAuthenticators: true}
Session ID: 9f1e284694a9160118f82dcdfd7870b8
	at java.base/jdk.internal.reflect.NativeConstructorAccessorImpl.newInstance0(Native Method)
	at java.base/jdk.internal.reflect.NativeConstructorAccessorImpl.newInstance(NativeConstructorAccessorImpl.java:62)
	at java.base/jdk.internal.reflect.DelegatingConstructorAccessorImpl.newInstance(DelegatingConstructorAccessorImpl.java:45)
	at java.base/java.lang.reflect.Constructor.newInstance(Constructor.java:490)
	at org.openqa.selenium.remote.http.W3CHttpResponseCodec.createException(W3CHttpResponseCodec.java:187)
	at org.openqa.selenium.remote.http.W3CHttpResponseCodec.decode(W3CHttpResponseCodec.java:122)
	at org.openqa.selenium.remote.http.W3CHttpResponseCodec.decode(W3CHttpResponseCodec.java:49)
	at org.openqa.selenium.remote.HttpCommandExecutor.execute(HttpCommandExecutor.java:158)
	at org.openqa.selenium.remote.service.DriverCommandExecutor.execute(DriverCommandExecutor.java:83)
	at org.openqa.selenium.remote.RemoteWebDriver.execute(RemoteWebDriver.java:552)
	at org.openqa.selenium.remote.RemoteWebDriver.execute(RemoteWebDriver.java:609)
	at org.openqa.selenium.remote.RemoteWebDriver.close(RemoteWebDriver.java:442)
	at com.UrbanLadderC.StepDefination.Hooks.AfterSteps(Hooks.java:50)
	at java.base/jdk.internal.reflect.NativeMethodAccessorImpl.invoke0(Native Method)
	at java.base/jdk.internal.reflect.NativeMethodAccessorImpl.invoke(NativeMethodAccessorImpl.java:62)
	at java.base/jdk.internal.reflect.DelegatingMethodAccessorImpl.invoke(DelegatingMethodAccessorImpl.java:43)
	at java.base/java.lang.reflect.Method.invoke(Method.java:566)
	at cucumber.runtime.Utils$1.call(Utils.java:40)
	at cucumber.runtime.Timeout.timeout(Timeout.java:16)
	at cucumber.runtime.Utils.invoke(Utils.java:34)
	at cucumber.runtime.java.JavaHookDefinition.execute(JavaHookDefinition.java:60)
	at cucumber.runtime.Runtime.runHookIfTagsMatch(Runtime.java:224)
	at cucumber.runtime.Runtime.runHooks(Runtime.java:212)
	at cucumber.runtime.Runtime.runAfterHooks(Runtime.java:206)
	at cucumber.runtime.model.CucumberScenario.run(CucumberScenario.java:46)
	at cucumber.runtime.model.CucumberFeature.run(CucumberFeature.java:165)
	at cucumber.api.testng.TestNGCucumberRunner.runCucumber(TestNGCucumberRunner.java:63)
	at cucumber.api.testng.AbstractTestNGCucumberTests.feature(AbstractTestNGCucumberTests.java:21)
	at java.base/jdk.internal.reflect.NativeMethodAccessorImpl.invoke0(Native Method)
	at java.base/jdk.internal.reflect.NativeMethodAccessorImpl.invoke(NativeMethodAccessorImpl.java:62)
	at java.base/jdk.internal.reflect.DelegatingMethodAccessorImpl.invoke(DelegatingMethodAccessorImpl.java:43)
	at java.base/java.lang.reflect.Method.invoke(Method.java:566)
	at org.testng.internal.MethodInvocationHelper.invokeMethod(MethodInvocationHelper.java:133)
	at org.testng.internal.TestInvoker.invokeMethod(TestInvoker.java:598)
	at org.testng.internal.TestInvoker.invokeTestMethod(TestInvoker.java:173)
	at org.testng.internal.MethodRunner.runInSequence(MethodRunner.java:46)
	at org.testng.internal.TestInvoker$MethodInvocationAgent.invoke(TestInvoker.java:824)
	at org.testng.internal.TestInvoker.invokeTestMethods(TestInvoker.java:146)
	at org.testng.internal.TestMethodWorker.invokeTestMethods(TestMethodWorker.java:146)
	at org.testng.internal.TestMethodWorker.run(TestMethodWorker.java:128)
	at java.base/java.util.ArrayList.forEach(ArrayList.java:1541)
	at org.testng.TestRunner.privateRun(TestRunner.java:794)
	at org.testng.TestRunner.run(TestRunner.java:596)
	at org.testng.SuiteRunner.runTest(SuiteRunner.java:377)
	at org.testng.SuiteRunner.runSequentially(SuiteRunner.java:371)
	at org.testng.SuiteRunner.privateRun(SuiteRunner.java:332)
	at org.testng.SuiteRunner.run(SuiteRunner.java:276)
	at org.testng.SuiteRunnerWorker.runSuite(SuiteRunnerWorker.java:53)
	at org.testng.SuiteRunnerWorker.run(SuiteRunnerWorker.java:96)
	at org.testng.TestNG.runSuitesSequentially(TestNG.java:1212)
	at org.testng.TestNG.runSuitesLocally(TestNG.java:1134)
	at org.testng.TestNG.runSuites(TestNG.java:1063)
	at org.testng.TestNG.run(TestNG.java:1031)
	at org.apache.maven.surefire.testng.TestNGExecutor.run(TestNGExecutor.java:284)
	at org.apache.maven.surefire.testng.TestNGXmlTestSuite.execute(TestNGXmlTestSuite.java:75)
	at org.apache.maven.surefire.testng.TestNGProvider.invoke(TestNGProvider.java:119)
	at org.apache.maven.surefire.booter.ForkedBooter.runSuitesInProcess(ForkedBooter.java:428)
	at org.apache.maven.surefire.booter.ForkedBooter.execute(ForkedBooter.java:162)
	at org.apache.maven.surefire.booter.ForkedBooter.run(ForkedBooter.java:562)
	at org.apache.maven.surefire.booter.ForkedBooter.main(ForkedBooter.java:548)

      org.openqa.selenium.NoSuchSessionException: invalid session id
      Build info: version: '3.141.59', revision: 'e82be7d358', time: '2018-11-14T08:17:03'
      System info: host: 'HARISH', ip: '192.168.1.100', os.name: 'Windows 10', os.arch: 'amd64', os.version: '10.0', java.version: '11.0.12'
      Driver info: org.openqa.selenium.chrome.ChromeDriver
      Capabilities {acceptInsecureCerts: false, browserName: chrome, browserVersion: 93.0.4577.82, chrome: {chromedriverVersion: 92.0.4515.107 (87a818b10553..., userDataDir: C:\Windows\TEMP\scoped_dir2...}, goog:chromeOptions: {debuggerAddress: localhost:50299}, javascriptEnabled: true, networkConnectionEnabled: false, pageLoadStrategy: normal, platform: WINDOWS, platformName: WINDOWS, proxy: Proxy(), setWindowRect: true, strictFileInteractability: false, timeouts: {implicit: 0, pageLoad: 300000, script: 30000}, unhandledPromptBehavior: dismiss and notify, webauthn:extension:credBlob: true, webauthn:extension:largeBlob: true, webauthn:virtualAuthenticators: true}
      Session ID: 9f1e284694a9160118f82dcdfd7870b8
      	at java.base/jdk.internal.reflect.NativeConstructorAccessorImpl.newInstance0(Native Method)
      	at java.base/jdk.internal.reflect.NativeConstructorAccessorImpl.newInstance(NativeConstructorAccessorImpl.java:62)
      	at java.base/jdk.internal.reflect.DelegatingConstructorAccessorImpl.newInstance(DelegatingConstructorAccessorImpl.java:45)
      	at java.base/java.lang.reflect.Constructor.newInstance(Constructor.java:490)
      	at org.openqa.selenium.remote.http.W3CHttpResponseCodec.createException(W3CHttpResponseCodec.java:187)
      	at org.openqa.selenium.remote.http.W3CHttpResponseCodec.decode(W3CHttpResponseCodec.java:122)
      	at org.openqa.selenium.remote.http.W3CHttpResponseCodec.decode(W3CHttpResponseCodec.java:49)
      	at org.openqa.selenium.remote.HttpCommandExecutor.execute(HttpCommandExecutor.java:158)
      	at org.openqa.selenium.remote.service.DriverCommandExecutor.execute(DriverCommandExecutor.java:83)
      	at org.openqa.selenium.remote.RemoteWebDriver.execute(RemoteWebDriver.java:552)
      	at org.openqa.selenium.remote.RemoteWebDriver.execute(RemoteWebDriver.java:609)
      	at org.openqa.selenium.remote.RemoteWebDriver.close(RemoteWebDriver.java:442)
      	at com.UrbanLadderC.StepDefination.Hooks.AfterSteps(Hooks.java:50)
      	at java.base/jdk.internal.reflect.NativeMethodAccessorImpl.invoke0(Native Method)
      	at java.base/jdk.internal.reflect.NativeMethodAccessorImpl.invoke(NativeMethodAccessorImpl.java:62)
      	at java.base/jdk.internal.reflect.DelegatingMethodAccessorImpl.invoke(DelegatingMethodAccessorImpl.java:43)
      	at java.base/java.lang.reflect.Method.invoke(Method.java:566)
      	at cucumber.runtime.Utils$1.call(Utils.java:40)
      	at cucumber.runtime.Timeout.timeout(Timeout.java:16)
      	at cucumber.runtime.Utils.invoke(Utils.java:34)
      	at cucumber.runtime.java.JavaHookDefinition.execute(JavaHookDefinition.java:60)
      	at cucumber.runtime.Runtime.runHookIfTagsMatch(Runtime.java:224)
      	at cucumber.runtime.Runtime.runHooks(Runtime.java:212)
      	at cucumber.runtime.Runtime.runAfterHooks(Runtime.java:206)
      	at cucumber.runtime.model.CucumberScenario.run(CucumberScenario.java:46)
      	at cucumber.runtime.model.CucumberFeature.run(CucumberFeature.java:165)
      	at cucumber.api.testng.TestNGCucumberRunner.runCucumber(TestNGCucumberRunner.java:63)
      	at cucumber.api.testng.AbstractTestNGCucumberTests.feature(AbstractTestNGCucumberTests.java:21)
      	at java.base/jdk.internal.reflect.NativeMethodAccessorImpl.invoke0(Native Method)
      	at java.base/jdk.internal.reflect.NativeMethodAccessorImpl.invoke(NativeMethodAccessorImpl.java:62)
      	at java.base/jdk.internal.reflect.DelegatingMethodAccessorImpl.invoke(DelegatingMethodAccessorImpl.java:43)
      	at java.base/java.lang.reflect.Method.invoke(Method.java:566)
      	at org.testng.internal.MethodInvocationHelper.invokeMethod(MethodInvocationHelper.java:133)
      	at org.testng.internal.TestInvoker.invokeMethod(TestInvoker.java:598)
      	at org.testng.internal.TestInvoker.invokeTestMethod(TestInvoker.java:173)
      	at org.testng.internal.MethodRunner.runInSequence(MethodRunner.java:46)
      	at org.testng.internal.TestInvoker$MethodInvocationAgent.invoke(TestInvoker.java:824)
      	at org.testng.internal.TestInvoker.invokeTestMethods(TestInvoker.java:146)
      	at org.testng.internal.TestMethodWorker.invokeTestMethods(TestMethodWorker.java:146)
      	at org.testng.internal.TestMethodWorker.run(TestMethodWorker.java:128)
      	at java.base/java.util.ArrayList.forEach(ArrayList.java:1541)
      	at org.testng.TestRunner.privateRun(TestRunner.java:794)
      	at org.testng.TestRunner.run(TestRunner.java:596)
      	at org.testng.SuiteRunner.runTest(SuiteRunner.java:377)
      	at org.testng.SuiteRunner.runSequentially(SuiteRunner.java:371)
      	at org.testng.SuiteRunner.privateRun(SuiteRunner.java:332)
      	at org.testng.SuiteRunner.run(SuiteRunner.java:276)
      	at org.testng.SuiteRunnerWorker.runSuite(SuiteRunnerWorker.java:53)
      	at org.testng.SuiteRunnerWorker.run(SuiteRunnerWorker.java:96)
      	at org.testng.TestNG.runSuitesSequentially(TestNG.java:1212)
      	at org.testng.TestNG.runSuitesLocally(TestNG.java:1134)
      	at org.testng.TestNG.runSuites(TestNG.java:1063)
      	at org.testng.TestNG.run(TestNG.java:1031)
      	at org.apache.maven.surefire.testng.TestNGExecutor.run(TestNGExecutor.java:284)
      	at org.apache.maven.surefire.testng.TestNGXmlTestSuite.execute(TestNGXmlTestSuite.java:75)
      	at org.apache.maven.surefire.testng.TestNGProvider.invoke(TestNGProvider.java:119)
      	at org.apache.maven.surefire.booter.ForkedBooter.runSuitesInProcess(ForkedBooter.java:428)
      	at org.apache.maven.surefire.booter.ForkedBooter.execute(ForkedBooter.java:162)
      	at org.apache.maven.surefire.booter.ForkedBooter.run(ForkedBooter.java:562)
      	at org.apache.maven.surefire.booter.ForkedBooter.main(ForkedBooter.java:548)


  Scenario: Check Products count for item with and without stock in Urban Ladder website # UrbanLadderC.feature:36
    Given Open Browser                                                                   # ClickStepDefination.open_Browser()
      org.openqa.selenium.SessionNotCreatedException: session not created
      from timeout: Timed out receiving message from renderer: 600.000
        (Session info: chrome=93.0.4577.82)
      Build info: version: '3.141.59', revision: 'e82be7d358', time: '2018-11-14T08:17:03'
      System info: host: 'HARISH', ip: '192.168.1.100', os.name: 'Windows 10', os.arch: 'amd64', os.version: '10.0', java.version: '11.0.12'
      Driver info: driver.version: ChromeDriver
      remote stacktrace: Backtrace:
      	Ordinal0 [0x00A12A33+2501171]
      	Ordinal0 [0x009AD1C1+2085313]
      	Ordinal0 [0x008B1FA8+1056680]
      	Ordinal0 [0x008A493D+1001789]
      	Ordinal0 [0x008A398D+997773]
      	Ordinal0 [0x008A3C46+998470]
      	Ordinal0 [0x008A3535+996661]
      	Ordinal0 [0x008AA0BD+1024189]
      	Ordinal0 [0x008A34F1+996593]
      	Ordinal0 [0x008A4416+1000470]
      	Ordinal0 [0x008A398D+997773]
      	Ordinal0 [0x008A3C46+998470]
      	Ordinal0 [0x008A3535+996661]
      	Ordinal0 [0x008A92EC+1020652]
      	Ordinal0 [0x008A34F1+996593]
      	Ordinal0 [0x008A4416+1000470]
      	Ordinal0 [0x008A398D+997773]
      	Ordinal0 [0x008A3C46+998470]
      	Ordinal0 [0x008A3535+996661]
      	Ordinal0 [0x0089F10D+979213]
      	Ordinal0 [0x008A34F1+996593]
      	Ordinal0 [0x008A3290+995984]
      	Ordinal0 [0x008A3029+995369]
      	Ordinal0 [0x008B31C0+1061312]
      	Ordinal0 [0x008FA93B+1354043]
      	Ordinal0 [0x008F960A+1349130]
      	Ordinal0 [0x008F551B+1332507]
      	Ordinal0 [0x008D1D74+1187188]
      	Ordinal0 [0x008D2BD9+1190873]
      	GetHandleVerifier [0x00B8EFE6+1504438]
      	GetHandleVerifier [0x00C3DDA5+2220661]
      	GetHandleVerifier [0x00A95589+481881]
      	GetHandleVerifier [0x00A94639+477961]
      	Ordinal0 [0x009B28BD+2107581]
      	Ordinal0 [0x009B6728+2123560]
      	Ordinal0 [0x009B6862+2123874]
      	Ordinal0 [0x009BFA81+2161281]
      	BaseThreadInitThunk [0x76AFFA29+25]
      	RtlGetAppContainerNamedObjectPath [0x776D7A9E+286]
      	RtlGetAppContainerNamedObjectPath [0x776D7A6E+238]
      
      	at java.base/jdk.internal.reflect.NativeConstructorAccessorImpl.newInstance0(Native Method)
      	at java.base/jdk.internal.reflect.NativeConstructorAccessorImpl.newInstance(NativeConstructorAccessorImpl.java:62)
      	at java.base/jdk.internal.reflect.DelegatingConstructorAccessorImpl.newInstance(DelegatingConstructorAccessorImpl.java:45)
      	at java.base/java.lang.reflect.Constructor.newInstance(Constructor.java:490)
      	at org.openqa.selenium.remote.W3CHandshakeResponse.lambda$errorHandler$0(W3CHandshakeResponse.java:62)
      	at org.openqa.selenium.remote.HandshakeResponse.lambda$getResponseFunction$0(HandshakeResponse.java:30)
      	at org.openqa.selenium.remote.ProtocolHandshake.lambda$createSession$0(ProtocolHandshake.java:126)
      	at java.base/java.util.stream.ReferencePipeline$3$1.accept(ReferencePipeline.java:195)
      	at java.base/java.util.Spliterators$ArraySpliterator.tryAdvance(Spliterators.java:958)
      	at java.base/java.util.stream.ReferencePipeline.forEachWithCancel(ReferencePipeline.java:127)
      	at java.base/java.util.stream.AbstractPipeline.copyIntoWithCancel(AbstractPipeline.java:502)
      	at java.base/java.util.stream.AbstractPipeline.copyInto(AbstractPipeline.java:488)
      	at java.base/java.util.stream.AbstractPipeline.wrapAndCopyInto(AbstractPipeline.java:474)
      	at java.base/java.util.stream.FindOps$FindOp.evaluateSequential(FindOps.java:150)
      	at java.base/java.util.stream.AbstractPipeline.evaluate(AbstractPipeline.java:234)
      	at java.base/java.util.stream.ReferencePipeline.findFirst(ReferencePipeline.java:543)
      	at org.openqa.selenium.remote.ProtocolHandshake.createSession(ProtocolHandshake.java:128)
      	at org.openqa.selenium.remote.ProtocolHandshake.createSession(ProtocolHandshake.java:74)
      	at org.openqa.selenium.remote.HttpCommandExecutor.execute(HttpCommandExecutor.java:136)
      	at org.openqa.selenium.remote.service.DriverCommandExecutor.execute(DriverCommandExecutor.java:83)
      	at org.openqa.selenium.remote.RemoteWebDriver.execute(RemoteWebDriver.java:552)
      	at org.openqa.selenium.remote.RemoteWebDriver.startSession(RemoteWebDriver.java:213)
      	at org.openqa.selenium.remote.RemoteWebDriver.<init>(RemoteWebDriver.java:131)
      	at org.openqa.selenium.chrome.ChromeDriver.<init>(ChromeDriver.java:181)
      	at org.openqa.selenium.chrome.ChromeDriver.<init>(ChromeDriver.java:168)
      	at org.openqa.selenium.chrome.ChromeDriver.<init>(ChromeDriver.java:123)
      	at com.UrbanLadderC.ResuableComponents.Base.initializedriver(Base.java:30)
      	at com.UrbanLadderC.StepDefination.ClickStepDefination.open_Browser(ClickStepDefination.java:36)
      	at ?.Given Open Browser(UrbanLadderC.feature:37)

    And navigate to given url and close popup                                            # ClickStepDefination.navigate_to_given_url_and_close_popup()
    When search "cupboard" item                                                          # ClickStepDefination.search_item(String)
    Then Display number of products with and without Stock                               # ClickStepDefination.display_number_of_products_with_and_without_Stock()
No Expiry date is present
 INFO [main] (ClickStepDefination.java:218)- No Expiry date is present
 INFO [main] (Hooks.java:51)- Driver Closed

  Scenario: Check No Expiry Date isdisplayed in under GiftCards in HomePage # UrbanLadderC.feature:42
    Given Open Browser                                                      # ClickStepDefination.open_Browser()
    And navigate to given url and close popup                               # ClickStepDefination.navigate_to_given_url_and_close_popup()
    When Click on Gift Cards                                                # ClickStepDefination.click_on_Gift_Cards()
    Then Verify is No Expiry Date is displayed                              # ClickStepDefination.verify_is_No_Expiry_Date_is_displayed()

  Scenario Outline: Check Track order in HomePage        # UrbanLadderC.feature:48
    Given Open Browser
    And navigate to given url and close popup
    When click on the Track order button in the HomePage
    Then Then Enter <ordi> and <phno>

    Examples: 
 INFO [main] (ClickStepDefination.java:242)- Track Order Checked
 INFO [main] (Hooks.java:51)- Driver Closed

  Scenario Outline: Check Track order in HomePage        # UrbanLadderC.feature:56
    Given Open Browser                                   # ClickStepDefination.open_Browser()
    And navigate to given url and close popup            # ClickStepDefination.navigate_to_given_url_and_close_popup()
    When click on the Track order button in the HomePage # ClickStepDefination.click_on_the_Track_order_button_in_the_HomePage()
    Then Then Enter 1235 and 8954236521                  # ClickStepDefination.then_enter_and(String,String)
Failure in after hook:Hooks.afterpScenario(Scenario)
Message: org.openqa.selenium.TimeoutException: timeout: Timed out receiving message from renderer: 300.000
  (Session info: chrome=93.0.4577.82)
Build info: version: '3.141.59', revision: 'e82be7d358', time: '2018-11-14T08:17:03'
System info: host: 'HARISH', ip: '192.168.1.100', os.name: 'Windows 10', os.arch: 'amd64', os.version: '10.0', java.version: '11.0.12'
Driver info: org.openqa.selenium.chrome.ChromeDriver
Capabilities {acceptInsecureCerts: false, browserName: chrome, browserVersion: 93.0.4577.82, chrome: {chromedriverVersion: 92.0.4515.107 (87a818b10553..., userDataDir: C:\Windows\TEMP\scoped_dir2...}, goog:chromeOptions: {debuggerAddress: localhost:60239}, javascriptEnabled: true, networkConnectionEnabled: false, pageLoadStrategy: normal, platform: WINDOWS, platformName: WINDOWS, proxy: Proxy(), setWindowRect: true, strictFileInteractability: false, timeouts: {implicit: 0, pageLoad: 300000, script: 30000}, unhandledPromptBehavior: dismiss and notify, webauthn:extension:credBlob: true, webauthn:extension:largeBlob: true, webauthn:virtualAuthenticators: true}
Session ID: d68ef398122754365e6009a9656ba725
	at java.base/jdk.internal.reflect.NativeConstructorAccessorImpl.newInstance0(Native Method)
	at java.base/jdk.internal.reflect.NativeConstructorAccessorImpl.newInstance(NativeConstructorAccessorImpl.java:62)
	at java.base/jdk.internal.reflect.DelegatingConstructorAccessorImpl.newInstance(DelegatingConstructorAccessorImpl.java:45)
	at java.base/java.lang.reflect.Constructor.newInstance(Constructor.java:490)
	at org.openqa.selenium.remote.http.W3CHttpResponseCodec.createException(W3CHttpResponseCodec.java:187)
	at org.openqa.selenium.remote.http.W3CHttpResponseCodec.decode(W3CHttpResponseCodec.java:122)
	at org.openqa.selenium.remote.http.W3CHttpResponseCodec.decode(W3CHttpResponseCodec.java:49)
	at org.openqa.selenium.remote.HttpCommandExecutor.execute(HttpCommandExecutor.java:158)
	at org.openqa.selenium.remote.service.DriverCommandExecutor.execute(DriverCommandExecutor.java:83)
	at org.openqa.selenium.remote.RemoteWebDriver.execute(RemoteWebDriver.java:552)
	at org.openqa.selenium.remote.RemoteWebDriver.execute(RemoteWebDriver.java:609)
	at org.openqa.selenium.remote.RemoteWebDriver.getScreenshotAs(RemoteWebDriver.java:295)
	at com.UrbanLadderC.StepDefination.Hooks.afterpScenario(Hooks.java:33)
	at java.base/jdk.internal.reflect.NativeMethodAccessorImpl.invoke0(Native Method)
	at java.base/jdk.internal.reflect.NativeMethodAccessorImpl.invoke(NativeMethodAccessorImpl.java:62)
	at java.base/jdk.internal.reflect.DelegatingMethodAccessorImpl.invoke(DelegatingMethodAccessorImpl.java:43)
	at java.base/java.lang.reflect.Method.invoke(Method.java:566)
	at cucumber.runtime.Utils$1.call(Utils.java:40)
	at cucumber.runtime.Timeout.timeout(Timeout.java:16)
	at cucumber.runtime.Utils.invoke(Utils.java:34)
	at cucumber.runtime.java.JavaHookDefinition.execute(JavaHookDefinition.java:60)
	at cucumber.runtime.Runtime.runHookIfTagsMatch(Runtime.java:224)
	at cucumber.runtime.Runtime.runHooks(Runtime.java:212)
	at cucumber.runtime.Runtime.runAfterHooks(Runtime.java:206)
	at cucumber.runtime.model.CucumberScenario.run(CucumberScenario.java:46)
	at cucumber.runtime.model.CucumberScenarioOutline.run(CucumberScenarioOutline.java:46)
	at cucumber.runtime.model.CucumberFeature.run(CucumberFeature.java:165)
	at cucumber.api.testng.TestNGCucumberRunner.runCucumber(TestNGCucumberRunner.java:63)
	at cucumber.api.testng.AbstractTestNGCucumberTests.feature(AbstractTestNGCucumberTests.java:21)
	at java.base/jdk.internal.reflect.NativeMethodAccessorImpl.invoke0(Native Method)
	at java.base/jdk.internal.reflect.NativeMethodAccessorImpl.invoke(NativeMethodAccessorImpl.java:62)
	at java.base/jdk.internal.reflect.DelegatingMethodAccessorImpl.invoke(DelegatingMethodAccessorImpl.java:43)
	at java.base/java.lang.reflect.Method.invoke(Method.java:566)
	at org.testng.internal.MethodInvocationHelper.invokeMethod(MethodInvocationHelper.java:133)
	at org.testng.internal.TestInvoker.invokeMethod(TestInvoker.java:598)
	at org.testng.internal.TestInvoker.invokeTestMethod(TestInvoker.java:173)
	at org.testng.internal.MethodRunner.runInSequence(MethodRunner.java:46)
	at org.testng.internal.TestInvoker$MethodInvocationAgent.invoke(TestInvoker.java:824)
	at org.testng.internal.TestInvoker.invokeTestMethods(TestInvoker.java:146)
	at org.testng.internal.TestMethodWorker.invokeTestMethods(TestMethodWorker.java:146)
	at org.testng.internal.TestMethodWorker.run(TestMethodWorker.java:128)
	at java.base/java.util.ArrayList.forEach(ArrayList.java:1541)
	at org.testng.TestRunner.privateRun(TestRunner.java:794)
	at org.testng.TestRunner.run(TestRunner.java:596)
	at org.testng.SuiteRunner.runTest(SuiteRunner.java:377)
	at org.testng.SuiteRunner.runSequentially(SuiteRunner.java:371)
	at org.testng.SuiteRunner.privateRun(SuiteRunner.java:332)
	at org.testng.SuiteRunner.run(SuiteRunner.java:276)
	at org.testng.SuiteRunnerWorker.runSuite(SuiteRunnerWorker.java:53)
	at org.testng.SuiteRunnerWorker.run(SuiteRunnerWorker.java:96)
	at org.testng.TestNG.runSuitesSequentially(TestNG.java:1212)
	at org.testng.TestNG.runSuitesLocally(TestNG.java:1134)
	at org.testng.TestNG.runSuites(TestNG.java:1063)
	at org.testng.TestNG.run(TestNG.java:1031)
	at org.apache.maven.surefire.testng.TestNGExecutor.run(TestNGExecutor.java:284)
	at org.apache.maven.surefire.testng.TestNGXmlTestSuite.execute(TestNGXmlTestSuite.java:75)
	at org.apache.maven.surefire.testng.TestNGProvider.invoke(TestNGProvider.java:119)
	at org.apache.maven.surefire.booter.ForkedBooter.runSuitesInProcess(ForkedBooter.java:428)
	at org.apache.maven.surefire.booter.ForkedBooter.execute(ForkedBooter.java:162)
	at org.apache.maven.surefire.booter.ForkedBooter.run(ForkedBooter.java:562)
	at org.apache.maven.surefire.booter.ForkedBooter.main(ForkedBooter.java:548)

      org.openqa.selenium.TimeoutException: timeout: Timed out receiving message from renderer: 300.000
        (Session info: chrome=93.0.4577.82)
      Build info: version: '3.141.59', revision: 'e82be7d358', time: '2018-11-14T08:17:03'
      System info: host: 'HARISH', ip: '192.168.1.100', os.name: 'Windows 10', os.arch: 'amd64', os.version: '10.0', java.version: '11.0.12'
      Driver info: org.openqa.selenium.chrome.ChromeDriver
      Capabilities {acceptInsecureCerts: false, browserName: chrome, browserVersion: 93.0.4577.82, chrome: {chromedriverVersion: 92.0.4515.107 (87a818b10553..., userDataDir: C:\Windows\TEMP\scoped_dir2...}, goog:chromeOptions: {debuggerAddress: localhost:60239}, javascriptEnabled: true, networkConnectionEnabled: false, pageLoadStrategy: normal, platform: WINDOWS, platformName: WINDOWS, proxy: Proxy(), setWindowRect: true, strictFileInteractability: false, timeouts: {implicit: 0, pageLoad: 300000, script: 30000}, unhandledPromptBehavior: dismiss and notify, webauthn:extension:credBlob: true, webauthn:extension:largeBlob: true, webauthn:virtualAuthenticators: true}
      Session ID: d68ef398122754365e6009a9656ba725
      	at java.base/jdk.internal.reflect.NativeConstructorAccessorImpl.newInstance0(Native Method)
      	at java.base/jdk.internal.reflect.NativeConstructorAccessorImpl.newInstance(NativeConstructorAccessorImpl.java:62)
      	at java.base/jdk.internal.reflect.DelegatingConstructorAccessorImpl.newInstance(DelegatingConstructorAccessorImpl.java:45)
      	at java.base/java.lang.reflect.Constructor.newInstance(Constructor.java:490)
      	at org.openqa.selenium.remote.http.W3CHttpResponseCodec.createException(W3CHttpResponseCodec.java:187)
      	at org.openqa.selenium.remote.http.W3CHttpResponseCodec.decode(W3CHttpResponseCodec.java:122)
      	at org.openqa.selenium.remote.http.W3CHttpResponseCodec.decode(W3CHttpResponseCodec.java:49)
      	at org.openqa.selenium.remote.HttpCommandExecutor.execute(HttpCommandExecutor.java:158)
      	at org.openqa.selenium.remote.service.DriverCommandExecutor.execute(DriverCommandExecutor.java:83)
      	at org.openqa.selenium.remote.RemoteWebDriver.execute(RemoteWebDriver.java:552)
      	at org.openqa.selenium.remote.RemoteWebDriver.execute(RemoteWebDriver.java:609)
      	at org.openqa.selenium.remote.RemoteWebDriver.getScreenshotAs(RemoteWebDriver.java:295)
      	at com.UrbanLadderC.StepDefination.Hooks.afterpScenario(Hooks.java:33)
      	at java.base/jdk.internal.reflect.NativeMethodAccessorImpl.invoke0(Native Method)
      	at java.base/jdk.internal.reflect.NativeMethodAccessorImpl.invoke(NativeMethodAccessorImpl.java:62)
      	at java.base/jdk.internal.reflect.DelegatingMethodAccessorImpl.invoke(DelegatingMethodAccessorImpl.java:43)
      	at java.base/java.lang.reflect.Method.invoke(Method.java:566)
      	at cucumber.runtime.Utils$1.call(Utils.java:40)
      	at cucumber.runtime.Timeout.timeout(Timeout.java:16)
      	at cucumber.runtime.Utils.invoke(Utils.java:34)
      	at cucumber.runtime.java.JavaHookDefinition.execute(JavaHookDefinition.java:60)
      	at cucumber.runtime.Runtime.runHookIfTagsMatch(Runtime.java:224)
      	at cucumber.runtime.Runtime.runHooks(Runtime.java:212)
      	at cucumber.runtime.Runtime.runAfterHooks(Runtime.java:206)
      	at cucumber.runtime.model.CucumberScenario.run(CucumberScenario.java:46)
      	at cucumber.runtime.model.CucumberScenarioOutline.run(CucumberScenarioOutline.java:46)
      	at cucumber.runtime.model.CucumberFeature.run(CucumberFeature.java:165)
      	at cucumber.api.testng.TestNGCucumberRunner.runCucumber(TestNGCucumberRunner.java:63)
      	at cucumber.api.testng.AbstractTestNGCucumberTests.feature(AbstractTestNGCucumberTests.java:21)
      	at java.base/jdk.internal.reflect.NativeMethodAccessorImpl.invoke0(Native Method)
      	at java.base/jdk.internal.reflect.NativeMethodAccessorImpl.invoke(NativeMethodAccessorImpl.java:62)
      	at java.base/jdk.internal.reflect.DelegatingMethodAccessorImpl.invoke(DelegatingMethodAccessorImpl.java:43)
      	at java.base/java.lang.reflect.Method.invoke(Method.java:566)
      	at org.testng.internal.MethodInvocationHelper.invokeMethod(MethodInvocationHelper.java:133)
      	at org.testng.internal.TestInvoker.invokeMethod(TestInvoker.java:598)
      	at org.testng.internal.TestInvoker.invokeTestMethod(TestInvoker.java:173)
      	at org.testng.internal.MethodRunner.runInSequence(MethodRunner.java:46)
      	at org.testng.internal.TestInvoker$MethodInvocationAgent.invoke(TestInvoker.java:824)
      	at org.testng.internal.TestInvoker.invokeTestMethods(TestInvoker.java:146)
      	at org.testng.internal.TestMethodWorker.invokeTestMethods(TestMethodWorker.java:146)
      	at org.testng.internal.TestMethodWorker.run(TestMethodWorker.java:128)
      	at java.base/java.util.ArrayList.forEach(ArrayList.java:1541)
      	at org.testng.TestRunner.privateRun(TestRunner.java:794)
      	at org.testng.TestRunner.run(TestRunner.java:596)
      	at org.testng.SuiteRunner.runTest(SuiteRunner.java:377)
      	at org.testng.SuiteRunner.runSequentially(SuiteRunner.java:371)
      	at org.testng.SuiteRunner.privateRun(SuiteRunner.java:332)
      	at org.testng.SuiteRunner.run(SuiteRunner.java:276)
      	at org.testng.SuiteRunnerWorker.runSuite(SuiteRunnerWorker.java:53)
      	at org.testng.SuiteRunnerWorker.run(SuiteRunnerWorker.java:96)
      	at org.testng.TestNG.runSuitesSequentially(TestNG.java:1212)
      	at org.testng.TestNG.runSuitesLocally(TestNG.java:1134)
      	at org.testng.TestNG.runSuites(TestNG.java:1063)
      	at org.testng.TestNG.run(TestNG.java:1031)
      	at org.apache.maven.surefire.testng.TestNGExecutor.run(TestNGExecutor.java:284)
      	at org.apache.maven.surefire.testng.TestNGXmlTestSuite.execute(TestNGXmlTestSuite.java:75)
      	at org.apache.maven.surefire.testng.TestNGProvider.invoke(TestNGProvider.java:119)
      	at org.apache.maven.surefire.booter.ForkedBooter.runSuitesInProcess(ForkedBooter.java:428)
      	at org.apache.maven.surefire.booter.ForkedBooter.execute(ForkedBooter.java:162)
      	at org.apache.maven.surefire.booter.ForkedBooter.run(ForkedBooter.java:562)
      	at org.apache.maven.surefire.booter.ForkedBooter.main(ForkedBooter.java:548)

Failure in after hook:Hooks.AfterSteps()
Message: org.openqa.selenium.WebDriverException: unknown error: failed to close window in 20 seconds
  (Session info: chrome=93.0.4577.82)
Build info: version: '3.141.59', revision: 'e82be7d358', time: '2018-11-14T08:17:03'
System info: host: 'HARISH', ip: '192.168.1.100', os.name: 'Windows 10', os.arch: 'amd64', os.version: '10.0', java.version: '11.0.12'
Driver info: org.openqa.selenium.chrome.ChromeDriver
Capabilities {acceptInsecureCerts: false, browserName: chrome, browserVersion: 93.0.4577.82, chrome: {chromedriverVersion: 92.0.4515.107 (87a818b10553..., userDataDir: C:\Windows\TEMP\scoped_dir2...}, goog:chromeOptions: {debuggerAddress: localhost:60239}, javascriptEnabled: true, networkConnectionEnabled: false, pageLoadStrategy: normal, platform: WINDOWS, platformName: WINDOWS, proxy: Proxy(), setWindowRect: true, strictFileInteractability: false, timeouts: {implicit: 0, pageLoad: 300000, script: 30000}, unhandledPromptBehavior: dismiss and notify, webauthn:extension:credBlob: true, webauthn:extension:largeBlob: true, webauthn:virtualAuthenticators: true}
Session ID: d68ef398122754365e6009a9656ba725
	at java.base/jdk.internal.reflect.NativeConstructorAccessorImpl.newInstance0(Native Method)
	at java.base/jdk.internal.reflect.NativeConstructorAccessorImpl.newInstance(NativeConstructorAccessorImpl.java:62)
	at java.base/jdk.internal.reflect.DelegatingConstructorAccessorImpl.newInstance(DelegatingConstructorAccessorImpl.java:45)
	at java.base/java.lang.reflect.Constructor.newInstance(Constructor.java:490)
	at org.openqa.selenium.remote.http.W3CHttpResponseCodec.createException(W3CHttpResponseCodec.java:187)
	at org.openqa.selenium.remote.http.W3CHttpResponseCodec.decode(W3CHttpResponseCodec.java:122)
	at org.openqa.selenium.remote.http.W3CHttpResponseCodec.decode(W3CHttpResponseCodec.java:49)
	at org.openqa.selenium.remote.HttpCommandExecutor.execute(HttpCommandExecutor.java:158)
	at org.openqa.selenium.remote.service.DriverCommandExecutor.execute(DriverCommandExecutor.java:83)
	at org.openqa.selenium.remote.RemoteWebDriver.execute(RemoteWebDriver.java:552)
	at org.openqa.selenium.remote.RemoteWebDriver.execute(RemoteWebDriver.java:609)
	at org.openqa.selenium.remote.RemoteWebDriver.close(RemoteWebDriver.java:442)
	at com.UrbanLadderC.StepDefination.Hooks.AfterSteps(Hooks.java:50)
	at java.base/jdk.internal.reflect.NativeMethodAccessorImpl.invoke0(Native Method)
	at java.base/jdk.internal.reflect.NativeMethodAccessorImpl.invoke(NativeMethodAccessorImpl.java:62)
	at java.base/jdk.internal.reflect.DelegatingMethodAccessorImpl.invoke(DelegatingMethodAccessorImpl.java:43)
	at java.base/java.lang.reflect.Method.invoke(Method.java:566)
	at cucumber.runtime.Utils$1.call(Utils.java:40)
	at cucumber.runtime.Timeout.timeout(Timeout.java:16)
	at cucumber.runtime.Utils.invoke(Utils.java:34)
	at cucumber.runtime.java.JavaHookDefinition.execute(JavaHookDefinition.java:60)
	at cucumber.runtime.Runtime.runHookIfTagsMatch(Runtime.java:224)
	at cucumber.runtime.Runtime.runHooks(Runtime.java:212)
	at cucumber.runtime.Runtime.runAfterHooks(Runtime.java:206)
	at cucumber.runtime.model.CucumberScenario.run(CucumberScenario.java:46)
	at cucumber.runtime.model.CucumberScenarioOutline.run(CucumberScenarioOutline.java:46)
	at cucumber.runtime.model.CucumberFeature.run(CucumberFeature.java:165)
	at cucumber.api.testng.TestNGCucumberRunner.runCucumber(TestNGCucumberRunner.java:63)
	at cucumber.api.testng.AbstractTestNGCucumberTests.feature(AbstractTestNGCucumberTests.java:21)
	at java.base/jdk.internal.reflect.NativeMethodAccessorImpl.invoke0(Native Method)
	at java.base/jdk.internal.reflect.NativeMethodAccessorImpl.invoke(NativeMethodAccessorImpl.java:62)
	at java.base/jdk.internal.reflect.DelegatingMethodAccessorImpl.invoke(DelegatingMethodAccessorImpl.java:43)
	at java.base/java.lang.reflect.Method.invoke(Method.java:566)
	at org.testng.internal.MethodInvocationHelper.invokeMethod(MethodInvocationHelper.java:133)
	at org.testng.internal.TestInvoker.invokeMethod(TestInvoker.java:598)
	at org.testng.internal.TestInvoker.invokeTestMethod(TestInvoker.java:173)
	at org.testng.internal.MethodRunner.runInSequence(MethodRunner.java:46)
	at org.testng.internal.TestInvoker$MethodInvocationAgent.invoke(TestInvoker.java:824)
	at org.testng.internal.TestInvoker.invokeTestMethods(TestInvoker.java:146)
	at org.testng.internal.TestMethodWorker.invokeTestMethods(TestMethodWorker.java:146)
	at org.testng.internal.TestMethodWorker.run(TestMethodWorker.java:128)
	at java.base/java.util.ArrayList.forEach(ArrayList.java:1541)
	at org.testng.TestRunner.privateRun(TestRunner.java:794)
	at org.testng.TestRunner.run(TestRunner.java:596)
	at org.testng.SuiteRunner.runTest(SuiteRunner.java:377)
	at org.testng.SuiteRunner.runSequentially(SuiteRunner.java:371)
	at org.testng.SuiteRunner.privateRun(SuiteRunner.java:332)
	at org.testng.SuiteRunner.run(SuiteRunner.java:276)
	at org.testng.SuiteRunnerWorker.runSuite(SuiteRunnerWorker.java:53)
	at org.testng.SuiteRunnerWorker.run(SuiteRunnerWorker.java:96)
	at org.testng.TestNG.runSuitesSequentially(TestNG.java:1212)
	at org.testng.TestNG.runSuitesLocally(TestNG.java:1134)
	at org.testng.TestNG.runSuites(TestNG.java:1063)
	at org.testng.TestNG.run(TestNG.java:1031)
	at org.apache.maven.surefire.testng.TestNGExecutor.run(TestNGExecutor.java:284)
	at org.apache.maven.surefire.testng.TestNGXmlTestSuite.execute(TestNGXmlTestSuite.java:75)
	at org.apache.maven.surefire.testng.TestNGProvider.invoke(TestNGProvider.java:119)
	at org.apache.maven.surefire.booter.ForkedBooter.runSuitesInProcess(ForkedBooter.java:428)
	at org.apache.maven.surefire.booter.ForkedBooter.execute(ForkedBooter.java:162)
	at org.apache.maven.surefire.booter.ForkedBooter.run(ForkedBooter.java:562)
	at org.apache.maven.surefire.booter.ForkedBooter.main(ForkedBooter.java:548)

      org.openqa.selenium.WebDriverException: unknown error: failed to close window in 20 seconds
        (Session info: chrome=93.0.4577.82)
      Build info: version: '3.141.59', revision: 'e82be7d358', time: '2018-11-14T08:17:03'
      System info: host: 'HARISH', ip: '192.168.1.100', os.name: 'Windows 10', os.arch: 'amd64', os.version: '10.0', java.version: '11.0.12'
      Driver info: org.openqa.selenium.chrome.ChromeDriver
      Capabilities {acceptInsecureCerts: false, browserName: chrome, browserVersion: 93.0.4577.82, chrome: {chromedriverVersion: 92.0.4515.107 (87a818b10553..., userDataDir: C:\Windows\TEMP\scoped_dir2...}, goog:chromeOptions: {debuggerAddress: localhost:60239}, javascriptEnabled: true, networkConnectionEnabled: false, pageLoadStrategy: normal, platform: WINDOWS, platformName: WINDOWS, proxy: Proxy(), setWindowRect: true, strictFileInteractability: false, timeouts: {implicit: 0, pageLoad: 300000, script: 30000}, unhandledPromptBehavior: dismiss and notify, webauthn:extension:credBlob: true, webauthn:extension:largeBlob: true, webauthn:virtualAuthenticators: true}
      Session ID: d68ef398122754365e6009a9656ba725
      	at java.base/jdk.internal.reflect.NativeConstructorAccessorImpl.newInstance0(Native Method)
      	at java.base/jdk.internal.reflect.NativeConstructorAccessorImpl.newInstance(NativeConstructorAccessorImpl.java:62)
      	at java.base/jdk.internal.reflect.DelegatingConstructorAccessorImpl.newInstance(DelegatingConstructorAccessorImpl.java:45)
      	at java.base/java.lang.reflect.Constructor.newInstance(Constructor.java:490)
      	at org.openqa.selenium.remote.http.W3CHttpResponseCodec.createException(W3CHttpResponseCodec.java:187)
      	at org.openqa.selenium.remote.http.W3CHttpResponseCodec.decode(W3CHttpResponseCodec.java:122)
      	at org.openqa.selenium.remote.http.W3CHttpResponseCodec.decode(W3CHttpResponseCodec.java:49)
      	at org.openqa.selenium.remote.HttpCommandExecutor.execute(HttpCommandExecutor.java:158)
      	at org.openqa.selenium.remote.service.DriverCommandExecutor.execute(DriverCommandExecutor.java:83)
      	at org.openqa.selenium.remote.RemoteWebDriver.execute(RemoteWebDriver.java:552)
      	at org.openqa.selenium.remote.RemoteWebDriver.execute(RemoteWebDriver.java:609)
      	at org.openqa.selenium.remote.RemoteWebDriver.close(RemoteWebDriver.java:442)
      	at com.UrbanLadderC.StepDefination.Hooks.AfterSteps(Hooks.java:50)
      	at java.base/jdk.internal.reflect.NativeMethodAccessorImpl.invoke0(Native Method)
      	at java.base/jdk.internal.reflect.NativeMethodAccessorImpl.invoke(NativeMethodAccessorImpl.java:62)
      	at java.base/jdk.internal.reflect.DelegatingMethodAccessorImpl.invoke(DelegatingMethodAccessorImpl.java:43)
      	at java.base/java.lang.reflect.Method.invoke(Method.java:566)
      	at cucumber.runtime.Utils$1.call(Utils.java:40)
      	at cucumber.runtime.Timeout.timeout(Timeout.java:16)
      	at cucumber.runtime.Utils.invoke(Utils.java:34)
      	at cucumber.runtime.java.JavaHookDefinition.execute(JavaHookDefinition.java:60)
      	at cucumber.runtime.Runtime.runHookIfTagsMatch(Runtime.java:224)
      	at cucumber.runtime.Runtime.runHooks(Runtime.java:212)
      	at cucumber.runtime.Runtime.runAfterHooks(Runtime.java:206)
      	at cucumber.runtime.model.CucumberScenario.run(CucumberScenario.java:46)
      	at cucumber.runtime.model.CucumberScenarioOutline.run(CucumberScenarioOutline.java:46)
      	at cucumber.runtime.model.CucumberFeature.run(CucumberFeature.java:165)
      	at cucumber.api.testng.TestNGCucumberRunner.runCucumber(TestNGCucumberRunner.java:63)
      	at cucumber.api.testng.AbstractTestNGCucumberTests.feature(AbstractTestNGCucumberTests.java:21)
      	at java.base/jdk.internal.reflect.NativeMethodAccessorImpl.invoke0(Native Method)
      	at java.base/jdk.internal.reflect.NativeMethodAccessorImpl.invoke(NativeMethodAccessorImpl.java:62)
      	at java.base/jdk.internal.reflect.DelegatingMethodAccessorImpl.invoke(DelegatingMethodAccessorImpl.java:43)
      	at java.base/java.lang.reflect.Method.invoke(Method.java:566)
      	at org.testng.internal.MethodInvocationHelper.invokeMethod(MethodInvocationHelper.java:133)
      	at org.testng.internal.TestInvoker.invokeMethod(TestInvoker.java:598)
      	at org.testng.internal.TestInvoker.invokeTestMethod(TestInvoker.java:173)
      	at org.testng.internal.MethodRunner.runInSequence(MethodRunner.java:46)
      	at org.testng.internal.TestInvoker$MethodInvocationAgent.invoke(TestInvoker.java:824)
      	at org.testng.internal.TestInvoker.invokeTestMethods(TestInvoker.java:146)
      	at org.testng.internal.TestMethodWorker.invokeTestMethods(TestMethodWorker.java:146)
      	at org.testng.internal.TestMethodWorker.run(TestMethodWorker.java:128)
      	at java.base/java.util.ArrayList.forEach(ArrayList.java:1541)
      	at org.testng.TestRunner.privateRun(TestRunner.java:794)
      	at org.testng.TestRunner.run(TestRunner.java:596)
      	at org.testng.SuiteRunner.runTest(SuiteRunner.java:377)
      	at org.testng.SuiteRunner.runSequentially(SuiteRunner.java:371)
      	at org.testng.SuiteRunner.privateRun(SuiteRunner.java:332)
      	at org.testng.SuiteRunner.run(SuiteRunner.java:276)
      	at org.testng.SuiteRunnerWorker.runSuite(SuiteRunnerWorker.java:53)
      	at org.testng.SuiteRunnerWorker.run(SuiteRunnerWorker.java:96)
      	at org.testng.TestNG.runSuitesSequentially(TestNG.java:1212)
      	at org.testng.TestNG.runSuitesLocally(TestNG.java:1134)
      	at org.testng.TestNG.runSuites(TestNG.java:1063)
      	at org.testng.TestNG.run(TestNG.java:1031)
      	at org.apache.maven.surefire.testng.TestNGExecutor.run(TestNGExecutor.java:284)
      	at org.apache.maven.surefire.testng.TestNGXmlTestSuite.execute(TestNGXmlTestSuite.java:75)
      	at org.apache.maven.surefire.testng.TestNGProvider.invoke(TestNGProvider.java:119)
      	at org.apache.maven.surefire.booter.ForkedBooter.runSuitesInProcess(ForkedBooter.java:428)
      	at org.apache.maven.surefire.booter.ForkedBooter.execute(ForkedBooter.java:162)
      	at org.apache.maven.surefire.booter.ForkedBooter.run(ForkedBooter.java:562)
      	at org.apache.maven.surefire.booter.ForkedBooter.main(ForkedBooter.java:548)


  Scenario Outline: Check Track order in HomePage        # UrbanLadderC.feature:57
    Given Open Browser                                   # ClickStepDefination.open_Browser()
      org.openqa.selenium.TimeoutException: timeout: Timed out receiving message from renderer: 300.000
        (Session info: chrome=93.0.4577.82)
      Build info: version: '3.141.59', revision: 'e82be7d358', time: '2018-11-14T08:17:03'
      System info: host: 'HARISH', ip: '192.168.1.100', os.name: 'Windows 10', os.arch: 'amd64', os.version: '10.0', java.version: '11.0.12'
      Driver info: org.openqa.selenium.chrome.ChromeDriver
      Capabilities {acceptInsecureCerts: false, browserName: chrome, browserVersion: 93.0.4577.82, chrome: {chromedriverVersion: 92.0.4515.107 (87a818b10553..., userDataDir: C:\Windows\TEMP\scoped_dir2...}, goog:chromeOptions: {debuggerAddress: localhost:60239}, javascriptEnabled: true, networkConnectionEnabled: false, pageLoadStrategy: normal, platform: WINDOWS, platformName: WINDOWS, proxy: Proxy(), setWindowRect: true, strictFileInteractability: false, timeouts: {implicit: 0, pageLoad: 300000, script: 30000}, unhandledPromptBehavior: dismiss and notify, webauthn:extension:credBlob: true, webauthn:extension:largeBlob: true, webauthn:virtualAuthenticators: true}
      Session ID: d68ef398122754365e6009a9656ba725
      	at java.base/jdk.internal.reflect.NativeConstructorAccessorImpl.newInstance0(Native Method)
      	at java.base/jdk.internal.reflect.NativeConstructorAccessorImpl.newInstance(NativeConstructorAccessorImpl.java:62)
      	at java.base/jdk.internal.reflect.DelegatingConstructorAccessorImpl.newInstance(DelegatingConstructorAccessorImpl.java:45)
      	at java.base/java.lang.reflect.Constructor.newInstance(Constructor.java:490)
      	at org.openqa.selenium.remote.http.W3CHttpResponseCodec.createException(W3CHttpResponseCodec.java:187)
      	at org.openqa.selenium.remote.http.W3CHttpResponseCodec.decode(W3CHttpResponseCodec.java:122)
      	at org.openqa.selenium.remote.http.W3CHttpResponseCodec.decode(W3CHttpResponseCodec.java:49)
      	at org.openqa.selenium.remote.HttpCommandExecutor.execute(HttpCommandExecutor.java:158)
      	at org.openqa.selenium.remote.service.DriverCommandExecutor.execute(DriverCommandExecutor.java:83)
      	at org.openqa.selenium.remote.RemoteWebDriver.execute(RemoteWebDriver.java:552)
      	at org.openqa.selenium.remote.RemoteWebDriver.execute(RemoteWebDriver.java:609)
      	at org.openqa.selenium.remote.RemoteWebDriver$RemoteWebDriverOptions$RemoteWindow.maximize(RemoteWebDriver.java:837)
      	at com.UrbanLadderC.ResuableComponents.Base.initializedriver(Base.java:36)
      	at com.UrbanLadderC.StepDefination.ClickStepDefination.open_Browser(ClickStepDefination.java:36)
      	at ?.Given Open Browser(UrbanLadderC.feature:49)

    And navigate to given url and close popup            # ClickStepDefination.navigate_to_given_url_and_close_popup()
    When click on the Track order button in the HomePage # ClickStepDefination.click_on_the_Track_order_button_in_the_HomePage()
    Then Then Enter 2987 and 9856236545                  # ClickStepDefination.then_enter_and(String,String)
 INFO [main] (ClickStepDefination.java:264)- Recommended set to low to high
 INFO [main] (Hooks.java:51)- Driver Closed

  Scenario: Search for item and set recommend to low to high # UrbanLadderC.feature:59
    Given Open Browser                                       # ClickStepDefination.open_Browser()
    And navigate to given url and close popup                # ClickStepDefination.navigate_to_given_url_and_close_popup()
    When Search for some item "Coffee Table"                 # ClickStepDefination.search_for_some_item(String)
    Then Set Recommeded to low to high                       # ClickStepDefination.set_Recommeded_to_low_to_high()
No of links in stores page : 18
 INFO [main] (ClickStepDefination.java:283)- No of links in stores page : 18
 INFO [main] (Hooks.java:51)- Driver Closed

  Scenario: Get Number of images  in stores page # UrbanLadderC.feature:65
    Given Open Browser                           # ClickStepDefination.open_Browser()
    And navigate to given url and close popup    # ClickStepDefination.navigate_to_given_url_and_close_popup()
    When Click on Stores                         # ClickStepDefination.click_on_Stores()
    Then get number of images and print          # ClickStepDefination.get_number_of_images_and_print()
]]></system-out>
    <system-err><![CDATA[Starting ChromeDriver 92.0.4515.107 (87a818b10553a07434ea9e2b6dccf3cbe7895134-refs/branch-heads/4515@{#1634}) on port 33894
Only local connections are allowed.
Please see https://chromedriver.chromium.org/security-considerations for suggestions on keeping ChromeDriver safe.
ChromeDriver was started successfully.
[1632627781.102][WARNING]: This version of ChromeDriver has not been tested with Chrome version 93.
Sep 26, 2021 9:13:01 AM org.openqa.selenium.remote.ProtocolHandshake createSession
INFO: Detected dialect: W3C
Starting ChromeDriver 92.0.4515.107 (87a818b10553a07434ea9e2b6dccf3cbe7895134-refs/branch-heads/4515@{#1634}) on port 14833
Only local connections are allowed.
Please see https://chromedriver.chromium.org/security-considerations for suggestions on keeping ChromeDriver safe.
ChromeDriver was started successfully.
[1632627808.442][WARNING]: This version of ChromeDriver has not been tested with Chrome version 93.
Sep 26, 2021 9:13:28 AM org.openqa.selenium.remote.ProtocolHandshake createSession
INFO: Detected dialect: W3C
Starting ChromeDriver 92.0.4515.107 (87a818b10553a07434ea9e2b6dccf3cbe7895134-refs/branch-heads/4515@{#1634}) on port 2552
Only local connections are allowed.
Please see https://chromedriver.chromium.org/security-considerations for suggestions on keeping ChromeDriver safe.
ChromeDriver was started successfully.
[1632627837.824][WARNING]: This version of ChromeDriver has not been tested with Chrome version 93.
Sep 26, 2021 9:13:57 AM org.openqa.selenium.remote.ProtocolHandshake createSession
INFO: Detected dialect: W3C
Starting ChromeDriver 92.0.4515.107 (87a818b10553a07434ea9e2b6dccf3cbe7895134-refs/branch-heads/4515@{#1634}) on port 17994
Only local connections are allowed.
Please see https://chromedriver.chromium.org/security-considerations for suggestions on keeping ChromeDriver safe.
ChromeDriver was started successfully.
[1632627861.484][WARNING]: This version of ChromeDriver has not been tested with Chrome version 93.
Sep 26, 2021 9:14:22 AM org.openqa.selenium.remote.ProtocolHandshake createSession
INFO: Detected dialect: W3C
Starting ChromeDriver 92.0.4515.107 (87a818b10553a07434ea9e2b6dccf3cbe7895134-refs/branch-heads/4515@{#1634}) on port 24753
Only local connections are allowed.
Please see https://chromedriver.chromium.org/security-considerations for suggestions on keeping ChromeDriver safe.
ChromeDriver was started successfully.
[1632627888.807][WARNING]: This version of ChromeDriver has not been tested with Chrome version 93.
Sep 26, 2021 9:14:48 AM org.openqa.selenium.remote.ProtocolHandshake createSession
INFO: Detected dialect: W3C
Starting ChromeDriver 92.0.4515.107 (87a818b10553a07434ea9e2b6dccf3cbe7895134-refs/branch-heads/4515@{#1634}) on port 14421
Only local connections are allowed.
Please see https://chromedriver.chromium.org/security-considerations for suggestions on keeping ChromeDriver safe.
ChromeDriver was started successfully.
[1632627947.528][WARNING]: This version of ChromeDriver has not been tested with Chrome version 93.
[1632628547.770][SEVERE]: Timed out receiving message from renderer: 600.000
Starting ChromeDriver 92.0.4515.107 (87a818b10553a07434ea9e2b6dccf3cbe7895134-refs/branch-heads/4515@{#1634}) on port 24791
Only local connections are allowed.
Please see https://chromedriver.chromium.org/security-considerations for suggestions on keeping ChromeDriver safe.
ChromeDriver was started successfully.
[1632628549.216][WARNING]: This version of ChromeDriver has not been tested with Chrome version 93.
Sep 26, 2021 9:25:49 AM org.openqa.selenium.remote.ProtocolHandshake createSession
INFO: Detected dialect: W3C
Starting ChromeDriver 92.0.4515.107 (87a818b10553a07434ea9e2b6dccf3cbe7895134-refs/branch-heads/4515@{#1634}) on port 15983
Only local connections are allowed.
Please see https://chromedriver.chromium.org/security-considerations for suggestions on keeping ChromeDriver safe.
ChromeDriver was started successfully.
[1632628571.943][WARNING]: This version of ChromeDriver has not been tested with Chrome version 93.
Sep 26, 2021 9:26:11 AM org.openqa.selenium.remote.ProtocolHandshake createSession
INFO: Detected dialect: W3C
Starting ChromeDriver 92.0.4515.107 (87a818b10553a07434ea9e2b6dccf3cbe7895134-refs/branch-heads/4515@{#1634}) on port 8677
Only local connections are allowed.
Please see https://chromedriver.chromium.org/security-considerations for suggestions on keeping ChromeDriver safe.
ChromeDriver was started successfully.
[1632628599.948][WARNING]: This version of ChromeDriver has not been tested with Chrome version 93.
Sep 26, 2021 9:26:40 AM org.openqa.selenium.remote.ProtocolHandshake createSession
INFO: Detected dialect: W3C
[1632628900.618][SEVERE]: Timed out receiving message from renderer: 300.000
[1632628900.619][SEVERE]: Timed out receiving message from renderer: 300.000
[1632629200.633][SEVERE]: Timed out receiving message from renderer: 300.000
[1632629200.634][SEVERE]: Timed out receiving message from renderer: 300.000
Starting ChromeDriver 92.0.4515.107 (87a818b10553a07434ea9e2b6dccf3cbe7895134-refs/branch-heads/4515@{#1634}) on port 25528
Only local connections are allowed.
Please see https://chromedriver.chromium.org/security-considerations for suggestions on keeping ChromeDriver safe.
ChromeDriver was started successfully.
[1632629222.455][WARNING]: This version of ChromeDriver has not been tested with Chrome version 93.
Sep 26, 2021 9:37:02 AM org.openqa.selenium.remote.ProtocolHandshake createSession
INFO: Detected dialect: W3C
Starting ChromeDriver 92.0.4515.107 (87a818b10553a07434ea9e2b6dccf3cbe7895134-refs/branch-heads/4515@{#1634}) on port 3298
Only local connections are allowed.
Please see https://chromedriver.chromium.org/security-considerations for suggestions on keeping ChromeDriver safe.
ChromeDriver was started successfully.
[1632629256.131][WARNING]: This version of ChromeDriver has not been tested with Chrome version 93.
Sep 26, 2021 9:37:36 AM org.openqa.selenium.remote.ProtocolHandshake createSession
INFO: Detected dialect: W3C
]]></system-err>
  </testcase>
</testsuite>