<?xml version="1.0" encoding="UTF-8"?>
<testng-results ignored="0" total="1" passed="0" failed="1" skipped="0">
  <reporter-output>
  </reporter-output>
  <suite started-at="2021-09-26T09:12:57 IST" name="Suite" finished-at="2021-09-26T09:38:05 IST" duration-ms="1507717">
    <groups>
      <group name="cucumber">
        <method signature="AbstractTestNGCucumberTests.feature(cucumber.api.testng.CucumberFeatureWrapper)[pri:0, instance:com.UrbanLadderC.Runner.ULRunner@209da20d]" name="feature" class="cucumber.api.testng.AbstractTestNGCucumberTests"/>
      </group> <!-- cucumber -->
    </groups>
    <test started-at="2021-09-26T09:12:57 IST" name="Test" finished-at="2021-09-26T09:38:05 IST" duration-ms="1507717">
      <class name="com.UrbanLadderC.Runner.ULRunner">
        <test-method is-config="true" signature="setUpClass()[pri:0, instance:com.UrbanLadderC.Runner.ULRunner@209da20d]" started-at="2021-09-26T09:12:57 IST" name="setUpClass" finished-at="2021-09-26T09:12:58 IST" duration-ms="566" status="PASS">
          <reporter-output>
          </reporter-output>
        </test-method> <!-- setUpClass -->
        <test-method signature="feature(cucumber.api.testng.CucumberFeatureWrapper)[pri:0, instance:com.UrbanLadderC.Runner.ULRunner@209da20d]" started-at="2021-09-26T09:12:58 IST" name="feature" description="Runs Cucumber Feature" data-provider="features" finished-at="2021-09-26T09:38:04 IST" duration-ms="1505953" status="FAIL">
          <params>
            <param index="0">
              <value>
                <![CDATA[Open the UrbanLadder Website]]>
              </value>
            </param>
          </params>
          <exception class="cucumber.runtime.CucumberException">
            <message>
              <![CDATA[org.openqa.selenium.SessionNotCreatedException: session not created
from timeout: Timed out receiving message from renderer: 600.000
  (Session info: chrome=93.0.4577.82)
Build info: version: '3.141.59', revision: 'e82be7d358', time: '2018-11-14T08:17:03'
System info: host: 'HARISH', ip: '192.168.1.100', os.name: 'Windows 10', os.arch: 'amd64', os.version: '10.0', java.version: '11.0.12'
Driver info: driver.version: ChromeDriver
remote stacktrace: Backtrace:
Ordinal0 [0x00A12A33+2501171]
Ordinal0 [0x009AD1C1+2085313]
Ordinal0 [0x008B1FA8+1056680]
Ordinal0 [0x008A493D+1001789]
Ordinal0 [0x008A398D+997773]
Ordinal0 [0x008A3C46+998470]
Ordinal0 [0x008A3535+996661]
Ordinal0 [0x008AA0BD+1024189]
Ordinal0 [0x008A34F1+996593]
Ordinal0 [0x008A4416+1000470]
Ordinal0 [0x008A398D+997773]
Ordinal0 [0x008A3C46+998470]
Ordinal0 [0x008A3535+996661]
Ordinal0 [0x008A92EC+1020652]
Ordinal0 [0x008A34F1+996593]
Ordinal0 [0x008A4416+1000470]
Ordinal0 [0x008A398D+997773]
Ordinal0 [0x008A3C46+998470]
Ordinal0 [0x008A3535+996661]
Ordinal0 [0x0089F10D+979213]
Ordinal0 [0x008A34F1+996593]
Ordinal0 [0x008A3290+995984]
Ordinal0 [0x008A3029+995369]
Ordinal0 [0x008B31C0+1061312]
Ordinal0 [0x008FA93B+1354043]
Ordinal0 [0x008F960A+1349130]
Ordinal0 [0x008F551B+1332507]
Ordinal0 [0x008D1D74+1187188]
Ordinal0 [0x008D2BD9+1190873]
GetHandleVerifier [0x00B8EFE6+1504438]
GetHandleVerifier [0x00C3DDA5+2220661]
GetHandleVerifier [0x00A95589+481881]
GetHandleVerifier [0x00A94639+477961]
Ordinal0 [0x009B28BD+2107581]
Ordinal0 [0x009B6728+2123560]
Ordinal0 [0x009B6862+2123874]
Ordinal0 [0x009BFA81+2161281]
BaseThreadInitThunk [0x76AFFA29+25]
RtlGetAppContainerNamedObjectPath [0x776D7A9E+286]
RtlGetAppContainerNamedObjectPath [0x776D7A6E+238]
]]>
            </message>
            <full-stacktrace>
              <![CDATA[cucumber.runtime.CucumberException: org.openqa.selenium.SessionNotCreatedException: session not created
from timeout: Timed out receiving message from renderer: 600.000
  (Session info: chrome=93.0.4577.82)
Build info: version: '3.141.59', revision: 'e82be7d358', time: '2018-11-14T08:17:03'
System info: host: 'HARISH', ip: '192.168.1.100', os.name: 'Windows 10', os.arch: 'amd64', os.version: '10.0', java.version: '11.0.12'
Driver info: driver.version: ChromeDriver
remote stacktrace: Backtrace:
Ordinal0 [0x00A12A33+2501171]
Ordinal0 [0x009AD1C1+2085313]
Ordinal0 [0x008B1FA8+1056680]
Ordinal0 [0x008A493D+1001789]
Ordinal0 [0x008A398D+997773]
Ordinal0 [0x008A3C46+998470]
Ordinal0 [0x008A3535+996661]
Ordinal0 [0x008AA0BD+1024189]
Ordinal0 [0x008A34F1+996593]
Ordinal0 [0x008A4416+1000470]
Ordinal0 [0x008A398D+997773]
Ordinal0 [0x008A3C46+998470]
Ordinal0 [0x008A3535+996661]
Ordinal0 [0x008A92EC+1020652]
Ordinal0 [0x008A34F1+996593]
Ordinal0 [0x008A4416+1000470]
Ordinal0 [0x008A398D+997773]
Ordinal0 [0x008A3C46+998470]
Ordinal0 [0x008A3535+996661]
Ordinal0 [0x0089F10D+979213]
Ordinal0 [0x008A34F1+996593]
Ordinal0 [0x008A3290+995984]
Ordinal0 [0x008A3029+995369]
Ordinal0 [0x008B31C0+1061312]
Ordinal0 [0x008FA93B+1354043]
Ordinal0 [0x008F960A+1349130]
Ordinal0 [0x008F551B+1332507]
Ordinal0 [0x008D1D74+1187188]
Ordinal0 [0x008D2BD9+1190873]
GetHandleVerifier [0x00B8EFE6+1504438]
GetHandleVerifier [0x00C3DDA5+2220661]
GetHandleVerifier [0x00A95589+481881]
GetHandleVerifier [0x00A94639+477961]
Ordinal0 [0x009B28BD+2107581]
Ordinal0 [0x009B6728+2123560]
Ordinal0 [0x009B6862+2123874]
Ordinal0 [0x009BFA81+2161281]
BaseThreadInitThunk [0x76AFFA29+25]
RtlGetAppContainerNamedObjectPath [0x776D7A9E+286]
RtlGetAppContainerNamedObjectPath [0x776D7A6E+238]

at cucumber.api.testng.TestNGCucumberRunner.runCucumber(TestNGCucumberRunner.java:69)
at cucumber.api.testng.AbstractTestNGCucumberTests.feature(AbstractTestNGCucumberTests.java:21)
at java.base/jdk.internal.reflect.NativeMethodAccessorImpl.invoke0(Native Method)
at java.base/jdk.internal.reflect.NativeMethodAccessorImpl.invoke(NativeMethodAccessorImpl.java:62)
at java.base/jdk.internal.reflect.DelegatingMethodAccessorImpl.invoke(DelegatingMethodAccessorImpl.java:43)
at java.base/java.lang.reflect.Method.invoke(Method.java:566)
at org.testng.internal.MethodInvocationHelper.invokeMethod(MethodInvocationHelper.java:133)
at org.testng.internal.TestInvoker.invokeMethod(TestInvoker.java:598)
at org.testng.internal.TestInvoker.invokeTestMethod(TestInvoker.java:173)
at org.testng.internal.MethodRunner.runInSequence(MethodRunner.java:46)
at org.testng.internal.TestInvoker$MethodInvocationAgent.invoke(TestInvoker.java:824)
at org.testng.internal.TestInvoker.invokeTestMethods(TestInvoker.java:146)
at org.testng.internal.TestMethodWorker.invokeTestMethods(TestMethodWorker.java:146)
at org.testng.internal.TestMethodWorker.run(TestMethodWorker.java:128)
at java.base/java.util.ArrayList.forEach(ArrayList.java:1541)
at org.testng.TestRunner.privateRun(TestRunner.java:794)
at org.testng.TestRunner.run(TestRunner.java:596)
at org.testng.SuiteRunner.runTest(SuiteRunner.java:377)
at org.testng.SuiteRunner.runSequentially(SuiteRunner.java:371)
at org.testng.SuiteRunner.privateRun(SuiteRunner.java:332)
at org.testng.SuiteRunner.run(SuiteRunner.java:276)
at org.testng.SuiteRunnerWorker.runSuite(SuiteRunnerWorker.java:53)
at org.testng.SuiteRunnerWorker.run(SuiteRunnerWorker.java:96)
at org.testng.TestNG.runSuitesSequentially(TestNG.java:1212)
at org.testng.TestNG.runSuitesLocally(TestNG.java:1134)
at org.testng.TestNG.runSuites(TestNG.java:1063)
at org.testng.TestNG.run(TestNG.java:1031)
at org.apache.maven.surefire.testng.TestNGExecutor.run(TestNGExecutor.java:284)
at org.apache.maven.surefire.testng.TestNGXmlTestSuite.execute(TestNGXmlTestSuite.java:75)
at org.apache.maven.surefire.testng.TestNGProvider.invoke(TestNGProvider.java:119)
at org.apache.maven.surefire.booter.ForkedBooter.runSuitesInProcess(ForkedBooter.java:428)
at org.apache.maven.surefire.booter.ForkedBooter.execute(ForkedBooter.java:162)
at org.apache.maven.surefire.booter.ForkedBooter.run(ForkedBooter.java:562)
at org.apache.maven.surefire.booter.ForkedBooter.main(ForkedBooter.java:548)
Caused by: org.openqa.selenium.SessionNotCreatedException: session not created
from timeout: Timed out receiving message from renderer: 600.000
  (Session info: chrome=93.0.4577.82)
Build info: version: '3.141.59', revision: 'e82be7d358', time: '2018-11-14T08:17:03'
System info: host: 'HARISH', ip: '192.168.1.100', os.name: 'Windows 10', os.arch: 'amd64', os.version: '10.0', java.version: '11.0.12'
Driver info: driver.version: ChromeDriver
remote stacktrace: Backtrace:
Ordinal0 [0x00A12A33+2501171]
Ordinal0 [0x009AD1C1+2085313]
Ordinal0 [0x008B1FA8+1056680]
Ordinal0 [0x008A493D+1001789]
Ordinal0 [0x008A398D+997773]
Ordinal0 [0x008A3C46+998470]
Ordinal0 [0x008A3535+996661]
Ordinal0 [0x008AA0BD+1024189]
Ordinal0 [0x008A34F1+996593]
Ordinal0 [0x008A4416+1000470]
Ordinal0 [0x008A398D+997773]
Ordinal0 [0x008A3C46+998470]
Ordinal0 [0x008A3535+996661]
Ordinal0 [0x008A92EC+1020652]
Ordinal0 [0x008A34F1+996593]
Ordinal0 [0x008A4416+1000470]
Ordinal0 [0x008A398D+997773]
Ordinal0 [0x008A3C46+998470]
Ordinal0 [0x008A3535+996661]
Ordinal0 [0x0089F10D+979213]
Ordinal0 [0x008A34F1+996593]
Ordinal0 [0x008A3290+995984]
Ordinal0 [0x008A3029+995369]
Ordinal0 [0x008B31C0+1061312]
Ordinal0 [0x008FA93B+1354043]
Ordinal0 [0x008F960A+1349130]
Ordinal0 [0x008F551B+1332507]
Ordinal0 [0x008D1D74+1187188]
Ordinal0 [0x008D2BD9+1190873]
GetHandleVerifier [0x00B8EFE6+1504438]
GetHandleVerifier [0x00C3DDA5+2220661]
GetHandleVerifier [0x00A95589+481881]
GetHandleVerifier [0x00A94639+477961]
Ordinal0 [0x009B28BD+2107581]
Ordinal0 [0x009B6728+2123560]
Ordinal0 [0x009B6862+2123874]
Ordinal0 [0x009BFA81+2161281]
BaseThreadInitThunk [0x76AFFA29+25]
RtlGetAppContainerNamedObjectPath [0x776D7A9E+286]
RtlGetAppContainerNamedObjectPath [0x776D7A6E+238]

at java.base/jdk.internal.reflect.NativeConstructorAccessorImpl.newInstance0(Native Method)
at java.base/jdk.internal.reflect.NativeConstructorAccessorImpl.newInstance(NativeConstructorAccessorImpl.java:62)
at java.base/jdk.internal.reflect.DelegatingConstructorAccessorImpl.newInstance(DelegatingConstructorAccessorImpl.java:45)
at java.base/java.lang.reflect.Constructor.newInstance(Constructor.java:490)
at org.openqa.selenium.remote.W3CHandshakeResponse.lambda$errorHandler$0(W3CHandshakeResponse.java:62)
at org.openqa.selenium.remote.HandshakeResponse.lambda$getResponseFunction$0(HandshakeResponse.java:30)
at org.openqa.selenium.remote.ProtocolHandshake.lambda$createSession$0(ProtocolHandshake.java:126)
at java.base/java.util.stream.ReferencePipeline$3$1.accept(ReferencePipeline.java:195)
at java.base/java.util.Spliterators$ArraySpliterator.tryAdvance(Spliterators.java:958)
at java.base/java.util.stream.ReferencePipeline.forEachWithCancel(ReferencePipeline.java:127)
at java.base/java.util.stream.AbstractPipeline.copyIntoWithCancel(AbstractPipeline.java:502)
at java.base/java.util.stream.AbstractPipeline.copyInto(AbstractPipeline.java:488)
at java.base/java.util.stream.AbstractPipeline.wrapAndCopyInto(AbstractPipeline.java:474)
at java.base/java.util.stream.FindOps$FindOp.evaluateSequential(FindOps.java:150)
at java.base/java.util.stream.AbstractPipeline.evaluate(AbstractPipeline.java:234)
at java.base/java.util.stream.ReferencePipeline.findFirst(ReferencePipeline.java:543)
at org.openqa.selenium.remote.ProtocolHandshake.createSession(ProtocolHandshake.java:128)
at org.openqa.selenium.remote.ProtocolHandshake.createSession(ProtocolHandshake.java:74)
at org.openqa.selenium.remote.HttpCommandExecutor.execute(HttpCommandExecutor.java:136)
at org.openqa.selenium.remote.service.DriverCommandExecutor.execute(DriverCommandExecutor.java:83)
at org.openqa.selenium.remote.RemoteWebDriver.execute(RemoteWebDriver.java:552)
at org.openqa.selenium.remote.RemoteWebDriver.startSession(RemoteWebDriver.java:213)
at org.openqa.selenium.remote.RemoteWebDriver.<init>(RemoteWebDriver.java:131)
at org.openqa.selenium.chrome.ChromeDriver.<init>(ChromeDriver.java:181)
at org.openqa.selenium.chrome.ChromeDriver.<init>(ChromeDriver.java:168)
at org.openqa.selenium.chrome.ChromeDriver.<init>(ChromeDriver.java:123)
at com.UrbanLadderC.ResuableComponents.Base.initializedriver(Base.java:30)
at com.UrbanLadderC.StepDefination.ClickStepDefination.open_Browser(ClickStepDefination.java:36)
at âœ½.Given Open Browser(UrbanLadderC.feature:37)
]]>
            </full-stacktrace>
          </exception> <!-- cucumber.runtime.CucumberException -->
          <reporter-output>
          </reporter-output>
        </test-method> <!-- feature -->
        <test-method is-config="true" signature="tearDownClass()[pri:0, instance:com.UrbanLadderC.Runner.ULRunner@209da20d]" started-at="2021-09-26T09:38:04 IST" name="tearDownClass" finished-at="2021-09-26T09:38:05 IST" duration-ms="954" status="PASS">
          <reporter-output>
          </reporter-output>
        </test-method> <!-- tearDownClass -->
      </class> <!-- com.UrbanLadderC.Runner.ULRunner -->
    </test> <!-- Test -->
  </suite> <!-- Suite -->
</testng-results>
